[2025-10-15T02:07:54.615+0000] {processor.py:161} INFO - Started process (PID=182) to work on /opt/airflow/dags/daily_etl_dag.py
[2025-10-15T02:07:54.616+0000] {processor.py:830} INFO - Processing file /opt/airflow/dags/daily_etl_dag.py for tasks to queue
[2025-10-15T02:07:54.617+0000] {logging_mixin.py:188} INFO - [2025-10-15T02:07:54.617+0000] {dagbag.py:545} INFO - Filling up the DagBag from /opt/airflow/dags/daily_etl_dag.py
[2025-10-15T02:07:54.928+0000] {processor.py:840} INFO - DAG(s) 'daily_etl' retrieved from /opt/airflow/dags/daily_etl_dag.py
[2025-10-15T02:07:54.961+0000] {logging_mixin.py:188} INFO - [2025-10-15T02:07:54.961+0000] {dag.py:3089} INFO - Sync 1 DAGs
[2025-10-15T02:07:54.983+0000] {logging_mixin.py:188} INFO - [2025-10-15T02:07:54.983+0000] {dag.py:3947} INFO - Setting next_dagrun for daily_etl to 2025-10-14 02:00:00+00:00, run_after=2025-10-15 02:00:00+00:00
[2025-10-15T02:07:55.004+0000] {processor.py:183} INFO - Processing /opt/airflow/dags/daily_etl_dag.py took 0.394 seconds
[2025-10-15T02:08:25.158+0000] {processor.py:161} INFO - Started process (PID=194) to work on /opt/airflow/dags/daily_etl_dag.py
[2025-10-15T02:08:25.159+0000] {processor.py:830} INFO - Processing file /opt/airflow/dags/daily_etl_dag.py for tasks to queue
[2025-10-15T02:08:25.160+0000] {logging_mixin.py:188} INFO - [2025-10-15T02:08:25.160+0000] {dagbag.py:545} INFO - Filling up the DagBag from /opt/airflow/dags/daily_etl_dag.py
[2025-10-15T02:08:25.372+0000] {processor.py:840} INFO - DAG(s) 'daily_etl' retrieved from /opt/airflow/dags/daily_etl_dag.py
[2025-10-15T02:08:25.598+0000] {logging_mixin.py:188} INFO - [2025-10-15T02:08:25.598+0000] {dag.py:3089} INFO - Sync 1 DAGs
[2025-10-15T02:08:25.615+0000] {logging_mixin.py:188} INFO - [2025-10-15T02:08:25.615+0000] {dag.py:3947} INFO - Setting next_dagrun for daily_etl to 2025-10-14 02:00:00+00:00, run_after=2025-10-15 02:00:00+00:00
[2025-10-15T02:08:25.633+0000] {processor.py:183} INFO - Processing /opt/airflow/dags/daily_etl_dag.py took 0.481 seconds
[2025-10-15T02:08:55.767+0000] {processor.py:161} INFO - Started process (PID=210) to work on /opt/airflow/dags/daily_etl_dag.py
[2025-10-15T02:08:55.768+0000] {processor.py:830} INFO - Processing file /opt/airflow/dags/daily_etl_dag.py for tasks to queue
[2025-10-15T02:08:55.770+0000] {logging_mixin.py:188} INFO - [2025-10-15T02:08:55.769+0000] {dagbag.py:545} INFO - Filling up the DagBag from /opt/airflow/dags/daily_etl_dag.py
[2025-10-15T02:08:55.959+0000] {processor.py:840} INFO - DAG(s) 'daily_etl' retrieved from /opt/airflow/dags/daily_etl_dag.py
[2025-10-15T02:08:55.986+0000] {logging_mixin.py:188} INFO - [2025-10-15T02:08:55.985+0000] {dag.py:3089} INFO - Sync 1 DAGs
[2025-10-15T02:08:56.003+0000] {logging_mixin.py:188} INFO - [2025-10-15T02:08:56.003+0000] {dag.py:3947} INFO - Setting next_dagrun for daily_etl to 2025-10-14 02:00:00+00:00, run_after=2025-10-15 02:00:00+00:00
[2025-10-15T02:08:56.020+0000] {processor.py:183} INFO - Processing /opt/airflow/dags/daily_etl_dag.py took 0.258 seconds
[2025-10-15T02:09:26.152+0000] {processor.py:161} INFO - Started process (PID=222) to work on /opt/airflow/dags/daily_etl_dag.py
[2025-10-15T02:09:26.153+0000] {processor.py:830} INFO - Processing file /opt/airflow/dags/daily_etl_dag.py for tasks to queue
[2025-10-15T02:09:26.154+0000] {logging_mixin.py:188} INFO - [2025-10-15T02:09:26.154+0000] {dagbag.py:545} INFO - Filling up the DagBag from /opt/airflow/dags/daily_etl_dag.py
[2025-10-15T02:09:26.355+0000] {processor.py:840} INFO - DAG(s) 'daily_etl' retrieved from /opt/airflow/dags/daily_etl_dag.py
[2025-10-15T02:09:26.384+0000] {logging_mixin.py:188} INFO - [2025-10-15T02:09:26.384+0000] {dag.py:3089} INFO - Sync 1 DAGs
[2025-10-15T02:09:26.402+0000] {logging_mixin.py:188} INFO - [2025-10-15T02:09:26.402+0000] {dag.py:3947} INFO - Setting next_dagrun for daily_etl to 2025-10-14 02:00:00+00:00, run_after=2025-10-15 02:00:00+00:00
[2025-10-15T02:09:26.419+0000] {processor.py:183} INFO - Processing /opt/airflow/dags/daily_etl_dag.py took 0.272 seconds
[2025-10-15T02:09:56.555+0000] {processor.py:161} INFO - Started process (PID=234) to work on /opt/airflow/dags/daily_etl_dag.py
[2025-10-15T02:09:56.557+0000] {processor.py:830} INFO - Processing file /opt/airflow/dags/daily_etl_dag.py for tasks to queue
[2025-10-15T02:09:56.559+0000] {logging_mixin.py:188} INFO - [2025-10-15T02:09:56.559+0000] {dagbag.py:545} INFO - Filling up the DagBag from /opt/airflow/dags/daily_etl_dag.py
[2025-10-15T02:09:56.753+0000] {processor.py:840} INFO - DAG(s) 'daily_etl' retrieved from /opt/airflow/dags/daily_etl_dag.py
[2025-10-15T02:09:56.783+0000] {logging_mixin.py:188} INFO - [2025-10-15T02:09:56.782+0000] {dag.py:3089} INFO - Sync 1 DAGs
[2025-10-15T02:09:56.802+0000] {logging_mixin.py:188} INFO - [2025-10-15T02:09:56.802+0000] {dag.py:3947} INFO - Setting next_dagrun for daily_etl to 2025-10-14 02:00:00+00:00, run_after=2025-10-15 02:00:00+00:00
[2025-10-15T02:09:56.930+0000] {processor.py:183} INFO - Processing /opt/airflow/dags/daily_etl_dag.py took 0.381 seconds
[2025-10-15T02:10:27.060+0000] {processor.py:161} INFO - Started process (PID=248) to work on /opt/airflow/dags/daily_etl_dag.py
[2025-10-15T02:10:27.061+0000] {processor.py:830} INFO - Processing file /opt/airflow/dags/daily_etl_dag.py for tasks to queue
[2025-10-15T02:10:27.062+0000] {logging_mixin.py:188} INFO - [2025-10-15T02:10:27.062+0000] {dagbag.py:545} INFO - Filling up the DagBag from /opt/airflow/dags/daily_etl_dag.py
[2025-10-15T02:10:27.252+0000] {processor.py:840} INFO - DAG(s) 'daily_etl' retrieved from /opt/airflow/dags/daily_etl_dag.py
[2025-10-15T02:10:27.285+0000] {logging_mixin.py:188} INFO - [2025-10-15T02:10:27.285+0000] {dag.py:3089} INFO - Sync 1 DAGs
[2025-10-15T02:10:27.416+0000] {logging_mixin.py:188} INFO - [2025-10-15T02:10:27.416+0000] {dag.py:3947} INFO - Setting next_dagrun for daily_etl to 2025-10-14 02:00:00+00:00, run_after=2025-10-15 02:00:00+00:00
[2025-10-15T02:10:27.441+0000] {processor.py:183} INFO - Processing /opt/airflow/dags/daily_etl_dag.py took 0.385 seconds
[2025-10-15T02:10:57.474+0000] {processor.py:161} INFO - Started process (PID=260) to work on /opt/airflow/dags/daily_etl_dag.py
[2025-10-15T02:10:57.475+0000] {processor.py:830} INFO - Processing file /opt/airflow/dags/daily_etl_dag.py for tasks to queue
[2025-10-15T02:10:57.476+0000] {logging_mixin.py:188} INFO - [2025-10-15T02:10:57.476+0000] {dagbag.py:545} INFO - Filling up the DagBag from /opt/airflow/dags/daily_etl_dag.py
[2025-10-15T02:10:57.664+0000] {processor.py:840} INFO - DAG(s) 'daily_etl' retrieved from /opt/airflow/dags/daily_etl_dag.py
[2025-10-15T02:10:57.693+0000] {logging_mixin.py:188} INFO - [2025-10-15T02:10:57.693+0000] {dag.py:3089} INFO - Sync 1 DAGs
[2025-10-15T02:10:57.713+0000] {logging_mixin.py:188} INFO - [2025-10-15T02:10:57.713+0000] {dag.py:3947} INFO - Setting next_dagrun for daily_etl to 2025-10-14 02:00:00+00:00, run_after=2025-10-15 02:00:00+00:00
[2025-10-15T02:10:57.732+0000] {processor.py:183} INFO - Processing /opt/airflow/dags/daily_etl_dag.py took 0.262 seconds
[2025-10-15T02:11:27.856+0000] {processor.py:161} INFO - Started process (PID=270) to work on /opt/airflow/dags/daily_etl_dag.py
[2025-10-15T02:11:27.857+0000] {processor.py:830} INFO - Processing file /opt/airflow/dags/daily_etl_dag.py for tasks to queue
[2025-10-15T02:11:27.859+0000] {logging_mixin.py:188} INFO - [2025-10-15T02:11:27.858+0000] {dagbag.py:545} INFO - Filling up the DagBag from /opt/airflow/dags/daily_etl_dag.py
[2025-10-15T02:11:28.044+0000] {processor.py:840} INFO - DAG(s) 'daily_etl' retrieved from /opt/airflow/dags/daily_etl_dag.py
[2025-10-15T02:11:28.074+0000] {logging_mixin.py:188} INFO - [2025-10-15T02:11:28.074+0000] {dag.py:3089} INFO - Sync 1 DAGs
[2025-10-15T02:11:28.095+0000] {logging_mixin.py:188} INFO - [2025-10-15T02:11:28.095+0000] {dag.py:3947} INFO - Setting next_dagrun for daily_etl to 2025-10-14 02:00:00+00:00, run_after=2025-10-15 02:00:00+00:00
[2025-10-15T02:11:28.120+0000] {processor.py:183} INFO - Processing /opt/airflow/dags/daily_etl_dag.py took 0.268 seconds
[2025-10-15T02:11:58.280+0000] {processor.py:161} INFO - Started process (PID=284) to work on /opt/airflow/dags/daily_etl_dag.py
[2025-10-15T02:11:58.281+0000] {processor.py:830} INFO - Processing file /opt/airflow/dags/daily_etl_dag.py for tasks to queue
[2025-10-15T02:11:58.283+0000] {logging_mixin.py:188} INFO - [2025-10-15T02:11:58.283+0000] {dagbag.py:545} INFO - Filling up the DagBag from /opt/airflow/dags/daily_etl_dag.py
[2025-10-15T02:11:58.488+0000] {processor.py:840} INFO - DAG(s) 'daily_etl' retrieved from /opt/airflow/dags/daily_etl_dag.py
[2025-10-15T02:11:58.519+0000] {logging_mixin.py:188} INFO - [2025-10-15T02:11:58.519+0000] {dag.py:3089} INFO - Sync 1 DAGs
[2025-10-15T02:11:58.540+0000] {logging_mixin.py:188} INFO - [2025-10-15T02:11:58.540+0000] {dag.py:3947} INFO - Setting next_dagrun for daily_etl to 2025-10-14 02:00:00+00:00, run_after=2025-10-15 02:00:00+00:00
[2025-10-15T02:11:58.559+0000] {processor.py:183} INFO - Processing /opt/airflow/dags/daily_etl_dag.py took 0.283 seconds
[2025-10-15T02:12:28.699+0000] {processor.py:161} INFO - Started process (PID=294) to work on /opt/airflow/dags/daily_etl_dag.py
[2025-10-15T02:12:28.699+0000] {processor.py:830} INFO - Processing file /opt/airflow/dags/daily_etl_dag.py for tasks to queue
[2025-10-15T02:12:28.701+0000] {logging_mixin.py:188} INFO - [2025-10-15T02:12:28.700+0000] {dagbag.py:545} INFO - Filling up the DagBag from /opt/airflow/dags/daily_etl_dag.py
[2025-10-15T02:12:28.901+0000] {processor.py:840} INFO - DAG(s) 'daily_etl' retrieved from /opt/airflow/dags/daily_etl_dag.py
[2025-10-15T02:12:28.930+0000] {logging_mixin.py:188} INFO - [2025-10-15T02:12:28.929+0000] {dag.py:3089} INFO - Sync 1 DAGs
[2025-10-15T02:12:28.952+0000] {logging_mixin.py:188} INFO - [2025-10-15T02:12:28.952+0000] {dag.py:3947} INFO - Setting next_dagrun for daily_etl to 2025-10-14 02:00:00+00:00, run_after=2025-10-15 02:00:00+00:00
[2025-10-15T02:12:28.970+0000] {processor.py:183} INFO - Processing /opt/airflow/dags/daily_etl_dag.py took 0.275 seconds
[2025-10-15T02:12:59.123+0000] {processor.py:161} INFO - Started process (PID=324) to work on /opt/airflow/dags/daily_etl_dag.py
[2025-10-15T02:12:59.125+0000] {processor.py:830} INFO - Processing file /opt/airflow/dags/daily_etl_dag.py for tasks to queue
[2025-10-15T02:12:59.128+0000] {logging_mixin.py:188} INFO - [2025-10-15T02:12:59.128+0000] {dagbag.py:545} INFO - Filling up the DagBag from /opt/airflow/dags/daily_etl_dag.py
[2025-10-15T02:12:59.348+0000] {processor.py:840} INFO - DAG(s) 'daily_etl' retrieved from /opt/airflow/dags/daily_etl_dag.py
[2025-10-15T02:12:59.377+0000] {logging_mixin.py:188} INFO - [2025-10-15T02:12:59.377+0000] {dag.py:3089} INFO - Sync 1 DAGs
[2025-10-15T02:12:59.517+0000] {logging_mixin.py:188} INFO - [2025-10-15T02:12:59.517+0000] {dag.py:3947} INFO - Setting next_dagrun for daily_etl to 2025-10-15 02:00:00+00:00, run_after=2025-10-16 02:00:00+00:00
[2025-10-15T02:12:59.535+0000] {processor.py:183} INFO - Processing /opt/airflow/dags/daily_etl_dag.py took 0.418 seconds
[2025-10-15T02:13:29.594+0000] {processor.py:161} INFO - Started process (PID=338) to work on /opt/airflow/dags/daily_etl_dag.py
[2025-10-15T02:13:29.594+0000] {processor.py:830} INFO - Processing file /opt/airflow/dags/daily_etl_dag.py for tasks to queue
[2025-10-15T02:13:29.596+0000] {logging_mixin.py:188} INFO - [2025-10-15T02:13:29.595+0000] {dagbag.py:545} INFO - Filling up the DagBag from /opt/airflow/dags/daily_etl_dag.py
[2025-10-15T02:13:29.782+0000] {processor.py:840} INFO - DAG(s) 'daily_etl' retrieved from /opt/airflow/dags/daily_etl_dag.py
[2025-10-15T02:13:29.812+0000] {logging_mixin.py:188} INFO - [2025-10-15T02:13:29.812+0000] {dag.py:3089} INFO - Sync 1 DAGs
[2025-10-15T02:13:29.935+0000] {logging_mixin.py:188} INFO - [2025-10-15T02:13:29.935+0000] {dag.py:3947} INFO - Setting next_dagrun for daily_etl to 2025-10-15 02:00:00+00:00, run_after=2025-10-16 02:00:00+00:00
[2025-10-15T02:13:29.952+0000] {processor.py:183} INFO - Processing /opt/airflow/dags/daily_etl_dag.py took 0.362 seconds
[2025-10-15T02:14:00.731+0000] {processor.py:161} INFO - Started process (PID=350) to work on /opt/airflow/dags/daily_etl_dag.py
[2025-10-15T02:14:00.732+0000] {processor.py:830} INFO - Processing file /opt/airflow/dags/daily_etl_dag.py for tasks to queue
[2025-10-15T02:14:00.733+0000] {logging_mixin.py:188} INFO - [2025-10-15T02:14:00.733+0000] {dagbag.py:545} INFO - Filling up the DagBag from /opt/airflow/dags/daily_etl_dag.py
[2025-10-15T02:14:00.921+0000] {processor.py:840} INFO - DAG(s) 'daily_etl' retrieved from /opt/airflow/dags/daily_etl_dag.py
[2025-10-15T02:14:00.953+0000] {logging_mixin.py:188} INFO - [2025-10-15T02:14:00.953+0000] {dag.py:3089} INFO - Sync 1 DAGs
[2025-10-15T02:14:00.975+0000] {logging_mixin.py:188} INFO - [2025-10-15T02:14:00.975+0000] {dag.py:3947} INFO - Setting next_dagrun for daily_etl to 2025-10-15 02:00:00+00:00, run_after=2025-10-16 02:00:00+00:00
[2025-10-15T02:14:00.996+0000] {processor.py:183} INFO - Processing /opt/airflow/dags/daily_etl_dag.py took 0.269 seconds
[2025-10-15T02:14:31.135+0000] {processor.py:161} INFO - Started process (PID=362) to work on /opt/airflow/dags/daily_etl_dag.py
[2025-10-15T02:14:31.136+0000] {processor.py:830} INFO - Processing file /opt/airflow/dags/daily_etl_dag.py for tasks to queue
[2025-10-15T02:14:31.139+0000] {logging_mixin.py:188} INFO - [2025-10-15T02:14:31.139+0000] {dagbag.py:545} INFO - Filling up the DagBag from /opt/airflow/dags/daily_etl_dag.py
[2025-10-15T02:14:31.365+0000] {processor.py:840} INFO - DAG(s) 'daily_etl' retrieved from /opt/airflow/dags/daily_etl_dag.py
[2025-10-15T02:14:31.395+0000] {logging_mixin.py:188} INFO - [2025-10-15T02:14:31.395+0000] {dag.py:3089} INFO - Sync 1 DAGs
[2025-10-15T02:14:31.436+0000] {logging_mixin.py:188} INFO - [2025-10-15T02:14:31.436+0000] {dag.py:3947} INFO - Setting next_dagrun for daily_etl to 2025-10-15 02:00:00+00:00, run_after=2025-10-16 02:00:00+00:00
[2025-10-15T02:14:31.457+0000] {processor.py:183} INFO - Processing /opt/airflow/dags/daily_etl_dag.py took 0.326 seconds
[2025-10-15T02:15:01.624+0000] {processor.py:161} INFO - Started process (PID=374) to work on /opt/airflow/dags/daily_etl_dag.py
[2025-10-15T02:15:01.625+0000] {processor.py:830} INFO - Processing file /opt/airflow/dags/daily_etl_dag.py for tasks to queue
[2025-10-15T02:15:01.626+0000] {logging_mixin.py:188} INFO - [2025-10-15T02:15:01.626+0000] {dagbag.py:545} INFO - Filling up the DagBag from /opt/airflow/dags/daily_etl_dag.py
[2025-10-15T02:15:01.814+0000] {processor.py:840} INFO - DAG(s) 'daily_etl' retrieved from /opt/airflow/dags/daily_etl_dag.py
[2025-10-15T02:15:01.842+0000] {logging_mixin.py:188} INFO - [2025-10-15T02:15:01.842+0000] {dag.py:3089} INFO - Sync 1 DAGs
[2025-10-15T02:15:01.861+0000] {logging_mixin.py:188} INFO - [2025-10-15T02:15:01.861+0000] {dag.py:3947} INFO - Setting next_dagrun for daily_etl to 2025-10-15 02:00:00+00:00, run_after=2025-10-16 02:00:00+00:00
[2025-10-15T02:15:01.881+0000] {processor.py:183} INFO - Processing /opt/airflow/dags/daily_etl_dag.py took 0.261 seconds
[2025-10-15T02:15:32.017+0000] {processor.py:161} INFO - Started process (PID=386) to work on /opt/airflow/dags/daily_etl_dag.py
[2025-10-15T02:15:32.018+0000] {processor.py:830} INFO - Processing file /opt/airflow/dags/daily_etl_dag.py for tasks to queue
[2025-10-15T02:15:32.019+0000] {logging_mixin.py:188} INFO - [2025-10-15T02:15:32.019+0000] {dagbag.py:545} INFO - Filling up the DagBag from /opt/airflow/dags/daily_etl_dag.py
[2025-10-15T02:15:32.218+0000] {processor.py:840} INFO - DAG(s) 'daily_etl' retrieved from /opt/airflow/dags/daily_etl_dag.py
[2025-10-15T02:15:32.247+0000] {logging_mixin.py:188} INFO - [2025-10-15T02:15:32.246+0000] {dag.py:3089} INFO - Sync 1 DAGs
[2025-10-15T02:15:32.267+0000] {logging_mixin.py:188} INFO - [2025-10-15T02:15:32.267+0000] {dag.py:3947} INFO - Setting next_dagrun for daily_etl to 2025-10-15 02:00:00+00:00, run_after=2025-10-16 02:00:00+00:00
[2025-10-15T02:15:32.287+0000] {processor.py:183} INFO - Processing /opt/airflow/dags/daily_etl_dag.py took 0.274 seconds
[2025-10-15T02:16:02.464+0000] {processor.py:161} INFO - Started process (PID=398) to work on /opt/airflow/dags/daily_etl_dag.py
[2025-10-15T02:16:02.465+0000] {processor.py:830} INFO - Processing file /opt/airflow/dags/daily_etl_dag.py for tasks to queue
[2025-10-15T02:16:02.467+0000] {logging_mixin.py:188} INFO - [2025-10-15T02:16:02.467+0000] {dagbag.py:545} INFO - Filling up the DagBag from /opt/airflow/dags/daily_etl_dag.py
[2025-10-15T02:16:02.675+0000] {processor.py:840} INFO - DAG(s) 'daily_etl' retrieved from /opt/airflow/dags/daily_etl_dag.py
[2025-10-15T02:16:02.706+0000] {logging_mixin.py:188} INFO - [2025-10-15T02:16:02.705+0000] {dag.py:3089} INFO - Sync 1 DAGs
[2025-10-15T02:16:02.831+0000] {logging_mixin.py:188} INFO - [2025-10-15T02:16:02.831+0000] {dag.py:3947} INFO - Setting next_dagrun for daily_etl to 2025-10-15 02:00:00+00:00, run_after=2025-10-16 02:00:00+00:00
[2025-10-15T02:16:02.851+0000] {processor.py:183} INFO - Processing /opt/airflow/dags/daily_etl_dag.py took 0.391 seconds
[2025-10-15T02:16:33.010+0000] {processor.py:161} INFO - Started process (PID=410) to work on /opt/airflow/dags/daily_etl_dag.py
[2025-10-15T02:16:33.010+0000] {processor.py:830} INFO - Processing file /opt/airflow/dags/daily_etl_dag.py for tasks to queue
[2025-10-15T02:16:33.011+0000] {logging_mixin.py:188} INFO - [2025-10-15T02:16:33.011+0000] {dagbag.py:545} INFO - Filling up the DagBag from /opt/airflow/dags/daily_etl_dag.py
[2025-10-15T02:16:33.194+0000] {processor.py:840} INFO - DAG(s) 'daily_etl' retrieved from /opt/airflow/dags/daily_etl_dag.py
[2025-10-15T02:16:33.223+0000] {logging_mixin.py:188} INFO - [2025-10-15T02:16:33.223+0000] {dag.py:3089} INFO - Sync 1 DAGs
[2025-10-15T02:16:33.362+0000] {logging_mixin.py:188} INFO - [2025-10-15T02:16:33.361+0000] {dag.py:3947} INFO - Setting next_dagrun for daily_etl to 2025-10-15 02:00:00+00:00, run_after=2025-10-16 02:00:00+00:00
[2025-10-15T02:16:33.379+0000] {processor.py:183} INFO - Processing /opt/airflow/dags/daily_etl_dag.py took 0.373 seconds
[2025-10-15T02:17:03.533+0000] {processor.py:161} INFO - Started process (PID=422) to work on /opt/airflow/dags/daily_etl_dag.py
[2025-10-15T02:17:03.534+0000] {processor.py:830} INFO - Processing file /opt/airflow/dags/daily_etl_dag.py for tasks to queue
[2025-10-15T02:17:03.535+0000] {logging_mixin.py:188} INFO - [2025-10-15T02:17:03.535+0000] {dagbag.py:545} INFO - Filling up the DagBag from /opt/airflow/dags/daily_etl_dag.py
[2025-10-15T02:17:03.733+0000] {processor.py:840} INFO - DAG(s) 'daily_etl' retrieved from /opt/airflow/dags/daily_etl_dag.py
[2025-10-15T02:17:03.780+0000] {logging_mixin.py:188} INFO - [2025-10-15T02:17:03.780+0000] {dag.py:3089} INFO - Sync 1 DAGs
[2025-10-15T02:17:03.802+0000] {logging_mixin.py:188} INFO - [2025-10-15T02:17:03.802+0000] {dag.py:3947} INFO - Setting next_dagrun for daily_etl to 2025-10-15 02:00:00+00:00, run_after=2025-10-16 02:00:00+00:00
[2025-10-15T02:17:03.818+0000] {processor.py:183} INFO - Processing /opt/airflow/dags/daily_etl_dag.py took 0.289 seconds
[2025-10-15T02:17:33.947+0000] {processor.py:161} INFO - Started process (PID=434) to work on /opt/airflow/dags/daily_etl_dag.py
[2025-10-15T02:17:33.948+0000] {processor.py:830} INFO - Processing file /opt/airflow/dags/daily_etl_dag.py for tasks to queue
[2025-10-15T02:17:33.950+0000] {logging_mixin.py:188} INFO - [2025-10-15T02:17:33.949+0000] {dagbag.py:545} INFO - Filling up the DagBag from /opt/airflow/dags/daily_etl_dag.py
[2025-10-15T02:17:34.135+0000] {processor.py:840} INFO - DAG(s) 'daily_etl' retrieved from /opt/airflow/dags/daily_etl_dag.py
[2025-10-15T02:17:34.163+0000] {logging_mixin.py:188} INFO - [2025-10-15T02:17:34.163+0000] {dag.py:3089} INFO - Sync 1 DAGs
[2025-10-15T02:17:34.185+0000] {logging_mixin.py:188} INFO - [2025-10-15T02:17:34.185+0000] {dag.py:3947} INFO - Setting next_dagrun for daily_etl to 2025-10-15 02:00:00+00:00, run_after=2025-10-16 02:00:00+00:00
[2025-10-15T02:17:34.202+0000] {processor.py:183} INFO - Processing /opt/airflow/dags/daily_etl_dag.py took 0.258 seconds
[2025-10-15T02:18:04.343+0000] {processor.py:161} INFO - Started process (PID=446) to work on /opt/airflow/dags/daily_etl_dag.py
[2025-10-15T02:18:04.344+0000] {processor.py:830} INFO - Processing file /opt/airflow/dags/daily_etl_dag.py for tasks to queue
[2025-10-15T02:18:04.345+0000] {logging_mixin.py:188} INFO - [2025-10-15T02:18:04.345+0000] {dagbag.py:545} INFO - Filling up the DagBag from /opt/airflow/dags/daily_etl_dag.py
[2025-10-15T02:18:04.525+0000] {processor.py:840} INFO - DAG(s) 'daily_etl' retrieved from /opt/airflow/dags/daily_etl_dag.py
[2025-10-15T02:18:04.553+0000] {logging_mixin.py:188} INFO - [2025-10-15T02:18:04.552+0000] {dag.py:3089} INFO - Sync 1 DAGs
[2025-10-15T02:18:04.572+0000] {logging_mixin.py:188} INFO - [2025-10-15T02:18:04.572+0000] {dag.py:3947} INFO - Setting next_dagrun for daily_etl to 2025-10-15 02:00:00+00:00, run_after=2025-10-16 02:00:00+00:00
[2025-10-15T02:18:04.594+0000] {processor.py:183} INFO - Processing /opt/airflow/dags/daily_etl_dag.py took 0.255 seconds
[2025-10-15T02:18:34.755+0000] {processor.py:161} INFO - Started process (PID=458) to work on /opt/airflow/dags/daily_etl_dag.py
[2025-10-15T02:18:34.756+0000] {processor.py:830} INFO - Processing file /opt/airflow/dags/daily_etl_dag.py for tasks to queue
[2025-10-15T02:18:34.758+0000] {logging_mixin.py:188} INFO - [2025-10-15T02:18:34.757+0000] {dagbag.py:545} INFO - Filling up the DagBag from /opt/airflow/dags/daily_etl_dag.py
[2025-10-15T02:18:35.053+0000] {processor.py:840} INFO - DAG(s) 'daily_etl' retrieved from /opt/airflow/dags/daily_etl_dag.py
[2025-10-15T02:18:35.084+0000] {logging_mixin.py:188} INFO - [2025-10-15T02:18:35.084+0000] {dag.py:3089} INFO - Sync 1 DAGs
[2025-10-15T02:18:35.104+0000] {logging_mixin.py:188} INFO - [2025-10-15T02:18:35.104+0000] {dag.py:3947} INFO - Setting next_dagrun for daily_etl to 2025-10-15 02:00:00+00:00, run_after=2025-10-16 02:00:00+00:00
[2025-10-15T02:18:35.231+0000] {processor.py:183} INFO - Processing /opt/airflow/dags/daily_etl_dag.py took 0.480 seconds
[2025-10-15T02:19:05.391+0000] {processor.py:161} INFO - Started process (PID=470) to work on /opt/airflow/dags/daily_etl_dag.py
[2025-10-15T02:19:05.392+0000] {processor.py:830} INFO - Processing file /opt/airflow/dags/daily_etl_dag.py for tasks to queue
[2025-10-15T02:19:05.394+0000] {logging_mixin.py:188} INFO - [2025-10-15T02:19:05.393+0000] {dagbag.py:545} INFO - Filling up the DagBag from /opt/airflow/dags/daily_etl_dag.py
[2025-10-15T02:19:05.655+0000] {processor.py:840} INFO - DAG(s) 'daily_etl' retrieved from /opt/airflow/dags/daily_etl_dag.py
[2025-10-15T02:19:05.691+0000] {logging_mixin.py:188} INFO - [2025-10-15T02:19:05.691+0000] {dag.py:3089} INFO - Sync 1 DAGs
[2025-10-15T02:19:05.832+0000] {logging_mixin.py:188} INFO - [2025-10-15T02:19:05.832+0000] {dag.py:3947} INFO - Setting next_dagrun for daily_etl to 2025-10-15 02:00:00+00:00, run_after=2025-10-16 02:00:00+00:00
[2025-10-15T02:19:05.865+0000] {processor.py:183} INFO - Processing /opt/airflow/dags/daily_etl_dag.py took 0.478 seconds
[2025-10-15T02:19:36.592+0000] {processor.py:161} INFO - Started process (PID=482) to work on /opt/airflow/dags/daily_etl_dag.py
[2025-10-15T02:19:36.594+0000] {processor.py:830} INFO - Processing file /opt/airflow/dags/daily_etl_dag.py for tasks to queue
[2025-10-15T02:19:36.596+0000] {logging_mixin.py:188} INFO - [2025-10-15T02:19:36.595+0000] {dagbag.py:545} INFO - Filling up the DagBag from /opt/airflow/dags/daily_etl_dag.py
[2025-10-15T02:19:36.837+0000] {processor.py:840} INFO - DAG(s) 'daily_etl' retrieved from /opt/airflow/dags/daily_etl_dag.py
[2025-10-15T02:19:36.874+0000] {logging_mixin.py:188} INFO - [2025-10-15T02:19:36.873+0000] {dag.py:3089} INFO - Sync 1 DAGs
[2025-10-15T02:19:36.898+0000] {logging_mixin.py:188} INFO - [2025-10-15T02:19:36.898+0000] {dag.py:3947} INFO - Setting next_dagrun for daily_etl to 2025-10-15 02:00:00+00:00, run_after=2025-10-16 02:00:00+00:00
[2025-10-15T02:19:36.920+0000] {processor.py:183} INFO - Processing /opt/airflow/dags/daily_etl_dag.py took 0.333 seconds
[2025-10-15T02:20:07.087+0000] {processor.py:161} INFO - Started process (PID=494) to work on /opt/airflow/dags/daily_etl_dag.py
[2025-10-15T02:20:07.088+0000] {processor.py:830} INFO - Processing file /opt/airflow/dags/daily_etl_dag.py for tasks to queue
[2025-10-15T02:20:07.090+0000] {logging_mixin.py:188} INFO - [2025-10-15T02:20:07.090+0000] {dagbag.py:545} INFO - Filling up the DagBag from /opt/airflow/dags/daily_etl_dag.py
[2025-10-15T02:20:07.338+0000] {processor.py:840} INFO - DAG(s) 'daily_etl' retrieved from /opt/airflow/dags/daily_etl_dag.py
[2025-10-15T02:20:07.393+0000] {logging_mixin.py:188} INFO - [2025-10-15T02:20:07.392+0000] {dag.py:3089} INFO - Sync 1 DAGs
[2025-10-15T02:20:07.418+0000] {logging_mixin.py:188} INFO - [2025-10-15T02:20:07.418+0000] {dag.py:3947} INFO - Setting next_dagrun for daily_etl to 2025-10-15 02:00:00+00:00, run_after=2025-10-16 02:00:00+00:00
[2025-10-15T02:20:07.444+0000] {processor.py:183} INFO - Processing /opt/airflow/dags/daily_etl_dag.py took 0.363 seconds
[2025-10-15T02:20:37.593+0000] {processor.py:161} INFO - Started process (PID=506) to work on /opt/airflow/dags/daily_etl_dag.py
[2025-10-15T02:20:37.594+0000] {processor.py:830} INFO - Processing file /opt/airflow/dags/daily_etl_dag.py for tasks to queue
[2025-10-15T02:20:37.596+0000] {logging_mixin.py:188} INFO - [2025-10-15T02:20:37.596+0000] {dagbag.py:545} INFO - Filling up the DagBag from /opt/airflow/dags/daily_etl_dag.py
[2025-10-15T02:20:37.825+0000] {processor.py:840} INFO - DAG(s) 'daily_etl' retrieved from /opt/airflow/dags/daily_etl_dag.py
[2025-10-15T02:20:37.860+0000] {logging_mixin.py:188} INFO - [2025-10-15T02:20:37.860+0000] {dag.py:3089} INFO - Sync 1 DAGs
[2025-10-15T02:20:37.879+0000] {logging_mixin.py:188} INFO - [2025-10-15T02:20:37.878+0000] {dag.py:3947} INFO - Setting next_dagrun for daily_etl to 2025-10-15 02:00:00+00:00, run_after=2025-10-16 02:00:00+00:00
[2025-10-15T02:20:37.895+0000] {processor.py:183} INFO - Processing /opt/airflow/dags/daily_etl_dag.py took 0.307 seconds
[2025-10-15T02:21:08.035+0000] {processor.py:161} INFO - Started process (PID=518) to work on /opt/airflow/dags/daily_etl_dag.py
[2025-10-15T02:21:08.036+0000] {processor.py:830} INFO - Processing file /opt/airflow/dags/daily_etl_dag.py for tasks to queue
[2025-10-15T02:21:08.037+0000] {logging_mixin.py:188} INFO - [2025-10-15T02:21:08.037+0000] {dagbag.py:545} INFO - Filling up the DagBag from /opt/airflow/dags/daily_etl_dag.py
[2025-10-15T02:21:08.222+0000] {processor.py:840} INFO - DAG(s) 'daily_etl' retrieved from /opt/airflow/dags/daily_etl_dag.py
[2025-10-15T02:21:08.257+0000] {logging_mixin.py:188} INFO - [2025-10-15T02:21:08.257+0000] {dag.py:3089} INFO - Sync 1 DAGs
[2025-10-15T02:21:08.294+0000] {logging_mixin.py:188} INFO - [2025-10-15T02:21:08.294+0000] {dag.py:3947} INFO - Setting next_dagrun for daily_etl to 2025-10-15 02:00:00+00:00, run_after=2025-10-16 02:00:00+00:00
[2025-10-15T02:21:08.320+0000] {processor.py:183} INFO - Processing /opt/airflow/dags/daily_etl_dag.py took 0.289 seconds
[2025-10-15T02:21:38.482+0000] {processor.py:161} INFO - Started process (PID=530) to work on /opt/airflow/dags/daily_etl_dag.py
[2025-10-15T02:21:38.483+0000] {processor.py:830} INFO - Processing file /opt/airflow/dags/daily_etl_dag.py for tasks to queue
[2025-10-15T02:21:38.484+0000] {logging_mixin.py:188} INFO - [2025-10-15T02:21:38.484+0000] {dagbag.py:545} INFO - Filling up the DagBag from /opt/airflow/dags/daily_etl_dag.py
[2025-10-15T02:21:38.709+0000] {processor.py:840} INFO - DAG(s) 'daily_etl' retrieved from /opt/airflow/dags/daily_etl_dag.py
[2025-10-15T02:21:38.754+0000] {logging_mixin.py:188} INFO - [2025-10-15T02:21:38.753+0000] {dag.py:3089} INFO - Sync 1 DAGs
[2025-10-15T02:21:38.889+0000] {logging_mixin.py:188} INFO - [2025-10-15T02:21:38.888+0000] {dag.py:3947} INFO - Setting next_dagrun for daily_etl to 2025-10-15 02:00:00+00:00, run_after=2025-10-16 02:00:00+00:00
[2025-10-15T02:21:38.998+0000] {processor.py:183} INFO - Processing /opt/airflow/dags/daily_etl_dag.py took 0.521 seconds
[2025-10-15T02:22:09.730+0000] {processor.py:161} INFO - Started process (PID=542) to work on /opt/airflow/dags/daily_etl_dag.py
[2025-10-15T02:22:09.731+0000] {processor.py:830} INFO - Processing file /opt/airflow/dags/daily_etl_dag.py for tasks to queue
[2025-10-15T02:22:09.732+0000] {logging_mixin.py:188} INFO - [2025-10-15T02:22:09.732+0000] {dagbag.py:545} INFO - Filling up the DagBag from /opt/airflow/dags/daily_etl_dag.py
[2025-10-15T02:22:09.924+0000] {processor.py:840} INFO - DAG(s) 'daily_etl' retrieved from /opt/airflow/dags/daily_etl_dag.py
[2025-10-15T02:22:09.952+0000] {logging_mixin.py:188} INFO - [2025-10-15T02:22:09.952+0000] {dag.py:3089} INFO - Sync 1 DAGs
[2025-10-15T02:22:10.095+0000] {logging_mixin.py:188} INFO - [2025-10-15T02:22:10.095+0000] {dag.py:3947} INFO - Setting next_dagrun for daily_etl to 2025-10-15 02:00:00+00:00, run_after=2025-10-16 02:00:00+00:00
[2025-10-15T02:22:10.116+0000] {processor.py:183} INFO - Processing /opt/airflow/dags/daily_etl_dag.py took 0.391 seconds
[2025-10-15T02:22:40.300+0000] {processor.py:161} INFO - Started process (PID=554) to work on /opt/airflow/dags/daily_etl_dag.py
[2025-10-15T02:22:40.301+0000] {processor.py:830} INFO - Processing file /opt/airflow/dags/daily_etl_dag.py for tasks to queue
[2025-10-15T02:22:40.303+0000] {logging_mixin.py:188} INFO - [2025-10-15T02:22:40.302+0000] {dagbag.py:545} INFO - Filling up the DagBag from /opt/airflow/dags/daily_etl_dag.py
[2025-10-15T02:22:40.542+0000] {processor.py:840} INFO - DAG(s) 'daily_etl' retrieved from /opt/airflow/dags/daily_etl_dag.py
[2025-10-15T02:22:40.582+0000] {logging_mixin.py:188} INFO - [2025-10-15T02:22:40.582+0000] {dag.py:3089} INFO - Sync 1 DAGs
[2025-10-15T02:22:40.720+0000] {logging_mixin.py:188} INFO - [2025-10-15T02:22:40.720+0000] {dag.py:3947} INFO - Setting next_dagrun for daily_etl to 2025-10-15 02:00:00+00:00, run_after=2025-10-16 02:00:00+00:00
[2025-10-15T02:22:40.739+0000] {processor.py:183} INFO - Processing /opt/airflow/dags/daily_etl_dag.py took 0.445 seconds
[2025-10-15T02:23:10.886+0000] {processor.py:161} INFO - Started process (PID=566) to work on /opt/airflow/dags/daily_etl_dag.py
[2025-10-15T02:23:10.887+0000] {processor.py:830} INFO - Processing file /opt/airflow/dags/daily_etl_dag.py for tasks to queue
[2025-10-15T02:23:10.889+0000] {logging_mixin.py:188} INFO - [2025-10-15T02:23:10.888+0000] {dagbag.py:545} INFO - Filling up the DagBag from /opt/airflow/dags/daily_etl_dag.py
[2025-10-15T02:23:11.091+0000] {processor.py:840} INFO - DAG(s) 'daily_etl' retrieved from /opt/airflow/dags/daily_etl_dag.py
[2025-10-15T02:23:11.131+0000] {logging_mixin.py:188} INFO - [2025-10-15T02:23:11.131+0000] {dag.py:3089} INFO - Sync 1 DAGs
[2025-10-15T02:23:11.153+0000] {logging_mixin.py:188} INFO - [2025-10-15T02:23:11.153+0000] {dag.py:3947} INFO - Setting next_dagrun for daily_etl to 2025-10-15 02:00:00+00:00, run_after=2025-10-16 02:00:00+00:00
[2025-10-15T02:23:11.174+0000] {processor.py:183} INFO - Processing /opt/airflow/dags/daily_etl_dag.py took 0.292 seconds
[2025-10-15T02:23:41.327+0000] {processor.py:161} INFO - Started process (PID=578) to work on /opt/airflow/dags/daily_etl_dag.py
[2025-10-15T02:23:41.328+0000] {processor.py:830} INFO - Processing file /opt/airflow/dags/daily_etl_dag.py for tasks to queue
[2025-10-15T02:23:41.329+0000] {logging_mixin.py:188} INFO - [2025-10-15T02:23:41.329+0000] {dagbag.py:545} INFO - Filling up the DagBag from /opt/airflow/dags/daily_etl_dag.py
[2025-10-15T02:23:41.532+0000] {processor.py:840} INFO - DAG(s) 'daily_etl' retrieved from /opt/airflow/dags/daily_etl_dag.py
[2025-10-15T02:23:41.562+0000] {logging_mixin.py:188} INFO - [2025-10-15T02:23:41.561+0000] {dag.py:3089} INFO - Sync 1 DAGs
[2025-10-15T02:23:41.583+0000] {logging_mixin.py:188} INFO - [2025-10-15T02:23:41.582+0000] {dag.py:3947} INFO - Setting next_dagrun for daily_etl to 2025-10-15 02:00:00+00:00, run_after=2025-10-16 02:00:00+00:00
[2025-10-15T02:23:41.604+0000] {processor.py:183} INFO - Processing /opt/airflow/dags/daily_etl_dag.py took 0.281 seconds
[2025-10-15T02:24:11.793+0000] {processor.py:161} INFO - Started process (PID=590) to work on /opt/airflow/dags/daily_etl_dag.py
[2025-10-15T02:24:11.794+0000] {processor.py:830} INFO - Processing file /opt/airflow/dags/daily_etl_dag.py for tasks to queue
[2025-10-15T02:24:11.796+0000] {logging_mixin.py:188} INFO - [2025-10-15T02:24:11.796+0000] {dagbag.py:545} INFO - Filling up the DagBag from /opt/airflow/dags/daily_etl_dag.py
[2025-10-15T02:24:12.009+0000] {processor.py:840} INFO - DAG(s) 'daily_etl' retrieved from /opt/airflow/dags/daily_etl_dag.py
[2025-10-15T02:24:12.043+0000] {logging_mixin.py:188} INFO - [2025-10-15T02:24:12.042+0000] {dag.py:3089} INFO - Sync 1 DAGs
[2025-10-15T02:24:12.104+0000] {logging_mixin.py:188} INFO - [2025-10-15T02:24:12.104+0000] {dag.py:3947} INFO - Setting next_dagrun for daily_etl to 2025-10-15 02:00:00+00:00, run_after=2025-10-16 02:00:00+00:00
[2025-10-15T02:24:12.148+0000] {processor.py:183} INFO - Processing /opt/airflow/dags/daily_etl_dag.py took 0.359 seconds
[2025-10-15T02:24:42.226+0000] {processor.py:161} INFO - Started process (PID=602) to work on /opt/airflow/dags/daily_etl_dag.py
[2025-10-15T02:24:42.227+0000] {processor.py:830} INFO - Processing file /opt/airflow/dags/daily_etl_dag.py for tasks to queue
[2025-10-15T02:24:42.228+0000] {logging_mixin.py:188} INFO - [2025-10-15T02:24:42.228+0000] {dagbag.py:545} INFO - Filling up the DagBag from /opt/airflow/dags/daily_etl_dag.py
[2025-10-15T02:24:42.433+0000] {processor.py:840} INFO - DAG(s) 'daily_etl' retrieved from /opt/airflow/dags/daily_etl_dag.py
[2025-10-15T02:24:42.473+0000] {logging_mixin.py:188} INFO - [2025-10-15T02:24:42.472+0000] {dag.py:3089} INFO - Sync 1 DAGs
[2025-10-15T02:24:42.610+0000] {logging_mixin.py:188} INFO - [2025-10-15T02:24:42.610+0000] {dag.py:3947} INFO - Setting next_dagrun for daily_etl to 2025-10-15 02:00:00+00:00, run_after=2025-10-16 02:00:00+00:00
[2025-10-15T02:24:42.629+0000] {processor.py:183} INFO - Processing /opt/airflow/dags/daily_etl_dag.py took 0.407 seconds
[2025-10-15T02:25:13.397+0000] {processor.py:161} INFO - Started process (PID=614) to work on /opt/airflow/dags/daily_etl_dag.py
[2025-10-15T02:25:13.397+0000] {processor.py:830} INFO - Processing file /opt/airflow/dags/daily_etl_dag.py for tasks to queue
[2025-10-15T02:25:13.399+0000] {logging_mixin.py:188} INFO - [2025-10-15T02:25:13.399+0000] {dagbag.py:545} INFO - Filling up the DagBag from /opt/airflow/dags/daily_etl_dag.py
[2025-10-15T02:25:13.586+0000] {processor.py:840} INFO - DAG(s) 'daily_etl' retrieved from /opt/airflow/dags/daily_etl_dag.py
[2025-10-15T02:25:13.617+0000] {logging_mixin.py:188} INFO - [2025-10-15T02:25:13.617+0000] {dag.py:3089} INFO - Sync 1 DAGs
[2025-10-15T02:25:13.741+0000] {logging_mixin.py:188} INFO - [2025-10-15T02:25:13.741+0000] {dag.py:3947} INFO - Setting next_dagrun for daily_etl to 2025-10-15 02:00:00+00:00, run_after=2025-10-16 02:00:00+00:00
[2025-10-15T02:25:13.762+0000] {processor.py:183} INFO - Processing /opt/airflow/dags/daily_etl_dag.py took 0.370 seconds
[2025-10-15T02:25:43.923+0000] {processor.py:161} INFO - Started process (PID=626) to work on /opt/airflow/dags/daily_etl_dag.py
[2025-10-15T02:25:43.924+0000] {processor.py:830} INFO - Processing file /opt/airflow/dags/daily_etl_dag.py for tasks to queue
[2025-10-15T02:25:43.927+0000] {logging_mixin.py:188} INFO - [2025-10-15T02:25:43.926+0000] {dagbag.py:545} INFO - Filling up the DagBag from /opt/airflow/dags/daily_etl_dag.py
[2025-10-15T02:25:44.173+0000] {processor.py:840} INFO - DAG(s) 'daily_etl' retrieved from /opt/airflow/dags/daily_etl_dag.py
[2025-10-15T02:25:44.213+0000] {logging_mixin.py:188} INFO - [2025-10-15T02:25:44.213+0000] {dag.py:3089} INFO - Sync 1 DAGs
[2025-10-15T02:25:44.238+0000] {logging_mixin.py:188} INFO - [2025-10-15T02:25:44.238+0000] {dag.py:3947} INFO - Setting next_dagrun for daily_etl to 2025-10-15 02:00:00+00:00, run_after=2025-10-16 02:00:00+00:00
[2025-10-15T02:25:44.262+0000] {processor.py:183} INFO - Processing /opt/airflow/dags/daily_etl_dag.py took 0.345 seconds
[2025-10-15T02:26:14.454+0000] {processor.py:161} INFO - Started process (PID=638) to work on /opt/airflow/dags/daily_etl_dag.py
[2025-10-15T02:26:14.455+0000] {processor.py:830} INFO - Processing file /opt/airflow/dags/daily_etl_dag.py for tasks to queue
[2025-10-15T02:26:14.457+0000] {logging_mixin.py:188} INFO - [2025-10-15T02:26:14.457+0000] {dagbag.py:545} INFO - Filling up the DagBag from /opt/airflow/dags/daily_etl_dag.py
[2025-10-15T02:26:14.653+0000] {processor.py:840} INFO - DAG(s) 'daily_etl' retrieved from /opt/airflow/dags/daily_etl_dag.py
[2025-10-15T02:26:14.683+0000] {logging_mixin.py:188} INFO - [2025-10-15T02:26:14.683+0000] {dag.py:3089} INFO - Sync 1 DAGs
[2025-10-15T02:26:14.706+0000] {logging_mixin.py:188} INFO - [2025-10-15T02:26:14.705+0000] {dag.py:3947} INFO - Setting next_dagrun for daily_etl to 2025-10-15 02:00:00+00:00, run_after=2025-10-16 02:00:00+00:00
[2025-10-15T02:26:14.723+0000] {processor.py:183} INFO - Processing /opt/airflow/dags/daily_etl_dag.py took 0.273 seconds
[2025-10-15T02:26:44.873+0000] {processor.py:161} INFO - Started process (PID=650) to work on /opt/airflow/dags/daily_etl_dag.py
[2025-10-15T02:26:44.874+0000] {processor.py:830} INFO - Processing file /opt/airflow/dags/daily_etl_dag.py for tasks to queue
[2025-10-15T02:26:44.875+0000] {logging_mixin.py:188} INFO - [2025-10-15T02:26:44.875+0000] {dagbag.py:545} INFO - Filling up the DagBag from /opt/airflow/dags/daily_etl_dag.py
[2025-10-15T02:26:45.069+0000] {processor.py:840} INFO - DAG(s) 'daily_etl' retrieved from /opt/airflow/dags/daily_etl_dag.py
[2025-10-15T02:26:45.103+0000] {logging_mixin.py:188} INFO - [2025-10-15T02:26:45.102+0000] {dag.py:3089} INFO - Sync 1 DAGs
[2025-10-15T02:26:45.123+0000] {logging_mixin.py:188} INFO - [2025-10-15T02:26:45.123+0000] {dag.py:3947} INFO - Setting next_dagrun for daily_etl to 2025-10-15 02:00:00+00:00, run_after=2025-10-16 02:00:00+00:00
[2025-10-15T02:26:45.143+0000] {processor.py:183} INFO - Processing /opt/airflow/dags/daily_etl_dag.py took 0.275 seconds
[2025-10-15T02:27:15.286+0000] {processor.py:161} INFO - Started process (PID=662) to work on /opt/airflow/dags/daily_etl_dag.py
[2025-10-15T02:27:15.288+0000] {processor.py:830} INFO - Processing file /opt/airflow/dags/daily_etl_dag.py for tasks to queue
[2025-10-15T02:27:15.289+0000] {logging_mixin.py:188} INFO - [2025-10-15T02:27:15.289+0000] {dagbag.py:545} INFO - Filling up the DagBag from /opt/airflow/dags/daily_etl_dag.py
[2025-10-15T02:27:15.513+0000] {processor.py:840} INFO - DAG(s) 'daily_etl' retrieved from /opt/airflow/dags/daily_etl_dag.py
[2025-10-15T02:27:15.546+0000] {logging_mixin.py:188} INFO - [2025-10-15T02:27:15.546+0000] {dag.py:3089} INFO - Sync 1 DAGs
[2025-10-15T02:27:15.571+0000] {logging_mixin.py:188} INFO - [2025-10-15T02:27:15.571+0000] {dag.py:3947} INFO - Setting next_dagrun for daily_etl to 2025-10-15 02:00:00+00:00, run_after=2025-10-16 02:00:00+00:00
[2025-10-15T02:27:15.708+0000] {processor.py:183} INFO - Processing /opt/airflow/dags/daily_etl_dag.py took 0.426 seconds
[2025-10-15T02:27:46.443+0000] {processor.py:161} INFO - Started process (PID=674) to work on /opt/airflow/dags/daily_etl_dag.py
[2025-10-15T02:27:46.443+0000] {processor.py:830} INFO - Processing file /opt/airflow/dags/daily_etl_dag.py for tasks to queue
[2025-10-15T02:27:46.445+0000] {logging_mixin.py:188} INFO - [2025-10-15T02:27:46.444+0000] {dagbag.py:545} INFO - Filling up the DagBag from /opt/airflow/dags/daily_etl_dag.py
[2025-10-15T02:27:46.655+0000] {processor.py:840} INFO - DAG(s) 'daily_etl' retrieved from /opt/airflow/dags/daily_etl_dag.py
[2025-10-15T02:27:46.686+0000] {logging_mixin.py:188} INFO - [2025-10-15T02:27:46.686+0000] {dag.py:3089} INFO - Sync 1 DAGs
[2025-10-15T02:27:46.819+0000] {logging_mixin.py:188} INFO - [2025-10-15T02:27:46.819+0000] {dag.py:3947} INFO - Setting next_dagrun for daily_etl to 2025-10-15 02:00:00+00:00, run_after=2025-10-16 02:00:00+00:00
[2025-10-15T02:27:46.854+0000] {processor.py:183} INFO - Processing /opt/airflow/dags/daily_etl_dag.py took 0.416 seconds
[2025-10-15T02:28:16.990+0000] {processor.py:161} INFO - Started process (PID=686) to work on /opt/airflow/dags/daily_etl_dag.py
[2025-10-15T02:28:16.991+0000] {processor.py:830} INFO - Processing file /opt/airflow/dags/daily_etl_dag.py for tasks to queue
[2025-10-15T02:28:16.992+0000] {logging_mixin.py:188} INFO - [2025-10-15T02:28:16.992+0000] {dagbag.py:545} INFO - Filling up the DagBag from /opt/airflow/dags/daily_etl_dag.py
[2025-10-15T02:28:17.189+0000] {processor.py:840} INFO - DAG(s) 'daily_etl' retrieved from /opt/airflow/dags/daily_etl_dag.py
[2025-10-15T02:28:17.219+0000] {logging_mixin.py:188} INFO - [2025-10-15T02:28:17.218+0000] {dag.py:3089} INFO - Sync 1 DAGs
[2025-10-15T02:28:17.256+0000] {logging_mixin.py:188} INFO - [2025-10-15T02:28:17.256+0000] {dag.py:3947} INFO - Setting next_dagrun for daily_etl to 2025-10-15 02:00:00+00:00, run_after=2025-10-16 02:00:00+00:00
[2025-10-15T02:28:17.277+0000] {processor.py:183} INFO - Processing /opt/airflow/dags/daily_etl_dag.py took 0.291 seconds
[2025-10-15T02:28:47.434+0000] {processor.py:161} INFO - Started process (PID=698) to work on /opt/airflow/dags/daily_etl_dag.py
[2025-10-15T02:28:47.435+0000] {processor.py:830} INFO - Processing file /opt/airflow/dags/daily_etl_dag.py for tasks to queue
[2025-10-15T02:28:47.436+0000] {logging_mixin.py:188} INFO - [2025-10-15T02:28:47.436+0000] {dagbag.py:545} INFO - Filling up the DagBag from /opt/airflow/dags/daily_etl_dag.py
[2025-10-15T02:28:47.630+0000] {processor.py:840} INFO - DAG(s) 'daily_etl' retrieved from /opt/airflow/dags/daily_etl_dag.py
[2025-10-15T02:28:47.657+0000] {logging_mixin.py:188} INFO - [2025-10-15T02:28:47.657+0000] {dag.py:3089} INFO - Sync 1 DAGs
[2025-10-15T02:28:47.677+0000] {logging_mixin.py:188} INFO - [2025-10-15T02:28:47.677+0000] {dag.py:3947} INFO - Setting next_dagrun for daily_etl to 2025-10-15 02:00:00+00:00, run_after=2025-10-16 02:00:00+00:00
[2025-10-15T02:28:47.694+0000] {processor.py:183} INFO - Processing /opt/airflow/dags/daily_etl_dag.py took 0.265 seconds
[2025-10-15T02:29:17.833+0000] {processor.py:161} INFO - Started process (PID=710) to work on /opt/airflow/dags/daily_etl_dag.py
[2025-10-15T02:29:17.834+0000] {processor.py:830} INFO - Processing file /opt/airflow/dags/daily_etl_dag.py for tasks to queue
[2025-10-15T02:29:17.835+0000] {logging_mixin.py:188} INFO - [2025-10-15T02:29:17.835+0000] {dagbag.py:545} INFO - Filling up the DagBag from /opt/airflow/dags/daily_etl_dag.py
[2025-10-15T02:29:18.039+0000] {processor.py:840} INFO - DAG(s) 'daily_etl' retrieved from /opt/airflow/dags/daily_etl_dag.py
[2025-10-15T02:29:18.069+0000] {logging_mixin.py:188} INFO - [2025-10-15T02:29:18.069+0000] {dag.py:3089} INFO - Sync 1 DAGs
[2025-10-15T02:29:18.089+0000] {logging_mixin.py:188} INFO - [2025-10-15T02:29:18.089+0000] {dag.py:3947} INFO - Setting next_dagrun for daily_etl to 2025-10-15 02:00:00+00:00, run_after=2025-10-16 02:00:00+00:00
[2025-10-15T02:29:18.109+0000] {processor.py:183} INFO - Processing /opt/airflow/dags/daily_etl_dag.py took 0.280 seconds
