[2025-10-15T02:07:54.621+0000] {processor.py:161} INFO - Started process (PID=185) to work on /opt/airflow/dags/weekly_train_dag.py
[2025-10-15T02:07:54.622+0000] {processor.py:830} INFO - Processing file /opt/airflow/dags/weekly_train_dag.py for tasks to queue
[2025-10-15T02:07:54.623+0000] {logging_mixin.py:188} INFO - [2025-10-15T02:07:54.623+0000] {dagbag.py:545} INFO - Filling up the DagBag from /opt/airflow/dags/weekly_train_dag.py
[2025-10-15T02:07:54.923+0000] {logging_mixin.py:188} INFO - [2025-10-15T02:07:54.919+0000] {dagbag.py:355} ERROR - Failed to import: /opt/airflow/dags/weekly_train_dag.py
Traceback (most recent call last):
  File "/home/airflow/.local/lib/python3.12/site-packages/airflow/models/dagbag.py", line 351, in parse
    loader.exec_module(new_module)
  File "<frozen importlib._bootstrap_external>", line 995, in exec_module
  File "<frozen importlib._bootstrap>", line 488, in _call_with_frames_removed
  File "/opt/airflow/dags/weekly_train_dag.py", line 8, in <module>
    import joblib, os
ModuleNotFoundError: No module named 'joblib'
[2025-10-15T02:07:54.924+0000] {processor.py:842} WARNING - No viable dags retrieved from /opt/airflow/dags/weekly_train_dag.py
[2025-10-15T02:07:54.993+0000] {processor.py:183} INFO - Processing /opt/airflow/dags/weekly_train_dag.py took 0.376 seconds
[2025-10-15T02:08:25.163+0000] {processor.py:161} INFO - Started process (PID=197) to work on /opt/airflow/dags/weekly_train_dag.py
[2025-10-15T02:08:25.163+0000] {processor.py:830} INFO - Processing file /opt/airflow/dags/weekly_train_dag.py for tasks to queue
[2025-10-15T02:08:25.165+0000] {logging_mixin.py:188} INFO - [2025-10-15T02:08:25.165+0000] {dagbag.py:545} INFO - Filling up the DagBag from /opt/airflow/dags/weekly_train_dag.py
[2025-10-15T02:08:25.367+0000] {logging_mixin.py:188} INFO - [2025-10-15T02:08:25.362+0000] {dagbag.py:355} ERROR - Failed to import: /opt/airflow/dags/weekly_train_dag.py
Traceback (most recent call last):
  File "/home/airflow/.local/lib/python3.12/site-packages/airflow/models/dagbag.py", line 351, in parse
    loader.exec_module(new_module)
  File "<frozen importlib._bootstrap_external>", line 995, in exec_module
  File "<frozen importlib._bootstrap>", line 488, in _call_with_frames_removed
  File "/opt/airflow/dags/weekly_train_dag.py", line 8, in <module>
    import joblib, os
ModuleNotFoundError: No module named 'joblib'
[2025-10-15T02:08:25.368+0000] {processor.py:842} WARNING - No viable dags retrieved from /opt/airflow/dags/weekly_train_dag.py
[2025-10-15T02:08:25.404+0000] {processor.py:183} INFO - Processing /opt/airflow/dags/weekly_train_dag.py took 0.245 seconds
[2025-10-15T02:08:55.569+0000] {processor.py:161} INFO - Started process (PID=206) to work on /opt/airflow/dags/weekly_train_dag.py
[2025-10-15T02:08:55.570+0000] {processor.py:830} INFO - Processing file /opt/airflow/dags/weekly_train_dag.py for tasks to queue
[2025-10-15T02:08:55.572+0000] {logging_mixin.py:188} INFO - [2025-10-15T02:08:55.571+0000] {dagbag.py:545} INFO - Filling up the DagBag from /opt/airflow/dags/weekly_train_dag.py
[2025-10-15T02:08:55.776+0000] {logging_mixin.py:188} INFO - [2025-10-15T02:08:55.773+0000] {dagbag.py:355} ERROR - Failed to import: /opt/airflow/dags/weekly_train_dag.py
Traceback (most recent call last):
  File "/home/airflow/.local/lib/python3.12/site-packages/airflow/models/dagbag.py", line 351, in parse
    loader.exec_module(new_module)
  File "<frozen importlib._bootstrap_external>", line 995, in exec_module
  File "<frozen importlib._bootstrap>", line 488, in _call_with_frames_removed
  File "/opt/airflow/dags/weekly_train_dag.py", line 8, in <module>
    import joblib, os
ModuleNotFoundError: No module named 'joblib'
[2025-10-15T02:08:55.777+0000] {processor.py:842} WARNING - No viable dags retrieved from /opt/airflow/dags/weekly_train_dag.py
[2025-10-15T02:08:55.807+0000] {processor.py:183} INFO - Processing /opt/airflow/dags/weekly_train_dag.py took 0.242 seconds
[2025-10-15T02:09:25.975+0000] {processor.py:161} INFO - Started process (PID=218) to work on /opt/airflow/dags/weekly_train_dag.py
[2025-10-15T02:09:25.975+0000] {processor.py:830} INFO - Processing file /opt/airflow/dags/weekly_train_dag.py for tasks to queue
[2025-10-15T02:09:25.977+0000] {logging_mixin.py:188} INFO - [2025-10-15T02:09:25.976+0000] {dagbag.py:545} INFO - Filling up the DagBag from /opt/airflow/dags/weekly_train_dag.py
[2025-10-15T02:09:26.204+0000] {logging_mixin.py:188} INFO - [2025-10-15T02:09:26.188+0000] {dagbag.py:355} ERROR - Failed to import: /opt/airflow/dags/weekly_train_dag.py
Traceback (most recent call last):
  File "/home/airflow/.local/lib/python3.12/site-packages/airflow/models/dagbag.py", line 351, in parse
    loader.exec_module(new_module)
  File "<frozen importlib._bootstrap_external>", line 995, in exec_module
  File "<frozen importlib._bootstrap>", line 488, in _call_with_frames_removed
  File "/opt/airflow/dags/weekly_train_dag.py", line 8, in <module>
    import joblib, os
ModuleNotFoundError: No module named 'joblib'
[2025-10-15T02:09:26.207+0000] {processor.py:842} WARNING - No viable dags retrieved from /opt/airflow/dags/weekly_train_dag.py
[2025-10-15T02:09:26.236+0000] {processor.py:183} INFO - Processing /opt/airflow/dags/weekly_train_dag.py took 0.266 seconds
[2025-10-15T02:09:56.412+0000] {processor.py:161} INFO - Started process (PID=230) to work on /opt/airflow/dags/weekly_train_dag.py
[2025-10-15T02:09:56.412+0000] {processor.py:830} INFO - Processing file /opt/airflow/dags/weekly_train_dag.py for tasks to queue
[2025-10-15T02:09:56.414+0000] {logging_mixin.py:188} INFO - [2025-10-15T02:09:56.414+0000] {dagbag.py:545} INFO - Filling up the DagBag from /opt/airflow/dags/weekly_train_dag.py
[2025-10-15T02:09:56.610+0000] {logging_mixin.py:188} INFO - [2025-10-15T02:09:56.607+0000] {dagbag.py:355} ERROR - Failed to import: /opt/airflow/dags/weekly_train_dag.py
Traceback (most recent call last):
  File "/home/airflow/.local/lib/python3.12/site-packages/airflow/models/dagbag.py", line 351, in parse
    loader.exec_module(new_module)
  File "<frozen importlib._bootstrap_external>", line 995, in exec_module
  File "<frozen importlib._bootstrap>", line 488, in _call_with_frames_removed
  File "/opt/airflow/dags/weekly_train_dag.py", line 8, in <module>
    import joblib, os
ModuleNotFoundError: No module named 'joblib'
[2025-10-15T02:09:56.611+0000] {processor.py:842} WARNING - No viable dags retrieved from /opt/airflow/dags/weekly_train_dag.py
[2025-10-15T02:09:56.642+0000] {processor.py:183} INFO - Processing /opt/airflow/dags/weekly_train_dag.py took 0.233 seconds
[2025-10-15T02:10:26.804+0000] {processor.py:161} INFO - Started process (PID=242) to work on /opt/airflow/dags/weekly_train_dag.py
[2025-10-15T02:10:26.805+0000] {processor.py:830} INFO - Processing file /opt/airflow/dags/weekly_train_dag.py for tasks to queue
[2025-10-15T02:10:26.806+0000] {logging_mixin.py:188} INFO - [2025-10-15T02:10:26.806+0000] {dagbag.py:545} INFO - Filling up the DagBag from /opt/airflow/dags/weekly_train_dag.py
[2025-10-15T02:10:27.003+0000] {logging_mixin.py:188} INFO - [2025-10-15T02:10:27.000+0000] {dagbag.py:355} ERROR - Failed to import: /opt/airflow/dags/weekly_train_dag.py
Traceback (most recent call last):
  File "/home/airflow/.local/lib/python3.12/site-packages/airflow/models/dagbag.py", line 351, in parse
    loader.exec_module(new_module)
  File "<frozen importlib._bootstrap_external>", line 995, in exec_module
  File "<frozen importlib._bootstrap>", line 488, in _call_with_frames_removed
  File "/opt/airflow/dags/weekly_train_dag.py", line 8, in <module>
    import joblib, os
ModuleNotFoundError: No module named 'joblib'
[2025-10-15T02:10:27.004+0000] {processor.py:842} WARNING - No viable dags retrieved from /opt/airflow/dags/weekly_train_dag.py
[2025-10-15T02:10:27.033+0000] {processor.py:183} INFO - Processing /opt/airflow/dags/weekly_train_dag.py took 0.233 seconds
[2025-10-15T02:10:57.206+0000] {processor.py:161} INFO - Started process (PID=254) to work on /opt/airflow/dags/weekly_train_dag.py
[2025-10-15T02:10:57.207+0000] {processor.py:830} INFO - Processing file /opt/airflow/dags/weekly_train_dag.py for tasks to queue
[2025-10-15T02:10:57.208+0000] {logging_mixin.py:188} INFO - [2025-10-15T02:10:57.208+0000] {dagbag.py:545} INFO - Filling up the DagBag from /opt/airflow/dags/weekly_train_dag.py
[2025-10-15T02:10:57.411+0000] {logging_mixin.py:188} INFO - [2025-10-15T02:10:57.409+0000] {dagbag.py:355} ERROR - Failed to import: /opt/airflow/dags/weekly_train_dag.py
Traceback (most recent call last):
  File "/home/airflow/.local/lib/python3.12/site-packages/airflow/models/dagbag.py", line 351, in parse
    loader.exec_module(new_module)
  File "<frozen importlib._bootstrap_external>", line 995, in exec_module
  File "<frozen importlib._bootstrap>", line 488, in _call_with_frames_removed
  File "/opt/airflow/dags/weekly_train_dag.py", line 8, in <module>
    import joblib, os
ModuleNotFoundError: No module named 'joblib'
[2025-10-15T02:10:57.412+0000] {processor.py:842} WARNING - No viable dags retrieved from /opt/airflow/dags/weekly_train_dag.py
[2025-10-15T02:10:57.445+0000] {processor.py:183} INFO - Processing /opt/airflow/dags/weekly_train_dag.py took 0.243 seconds
[2025-10-15T02:11:27.610+0000] {processor.py:161} INFO - Started process (PID=266) to work on /opt/airflow/dags/weekly_train_dag.py
[2025-10-15T02:11:27.611+0000] {processor.py:830} INFO - Processing file /opt/airflow/dags/weekly_train_dag.py for tasks to queue
[2025-10-15T02:11:27.613+0000] {logging_mixin.py:188} INFO - [2025-10-15T02:11:27.612+0000] {dagbag.py:545} INFO - Filling up the DagBag from /opt/airflow/dags/weekly_train_dag.py
[2025-10-15T02:11:27.822+0000] {logging_mixin.py:188} INFO - [2025-10-15T02:11:27.820+0000] {dagbag.py:355} ERROR - Failed to import: /opt/airflow/dags/weekly_train_dag.py
Traceback (most recent call last):
  File "/home/airflow/.local/lib/python3.12/site-packages/airflow/models/dagbag.py", line 351, in parse
    loader.exec_module(new_module)
  File "<frozen importlib._bootstrap_external>", line 995, in exec_module
  File "<frozen importlib._bootstrap>", line 488, in _call_with_frames_removed
  File "/opt/airflow/dags/weekly_train_dag.py", line 8, in <module>
    import joblib, os
ModuleNotFoundError: No module named 'joblib'
[2025-10-15T02:11:27.823+0000] {processor.py:842} WARNING - No viable dags retrieved from /opt/airflow/dags/weekly_train_dag.py
[2025-10-15T02:11:27.851+0000] {processor.py:183} INFO - Processing /opt/airflow/dags/weekly_train_dag.py took 0.245 seconds
[2025-10-15T02:11:58.010+0000] {processor.py:161} INFO - Started process (PID=278) to work on /opt/airflow/dags/weekly_train_dag.py
[2025-10-15T02:11:58.010+0000] {processor.py:830} INFO - Processing file /opt/airflow/dags/weekly_train_dag.py for tasks to queue
[2025-10-15T02:11:58.012+0000] {logging_mixin.py:188} INFO - [2025-10-15T02:11:58.011+0000] {dagbag.py:545} INFO - Filling up the DagBag from /opt/airflow/dags/weekly_train_dag.py
[2025-10-15T02:11:58.204+0000] {logging_mixin.py:188} INFO - [2025-10-15T02:11:58.201+0000] {dagbag.py:355} ERROR - Failed to import: /opt/airflow/dags/weekly_train_dag.py
Traceback (most recent call last):
  File "/home/airflow/.local/lib/python3.12/site-packages/airflow/models/dagbag.py", line 351, in parse
    loader.exec_module(new_module)
  File "<frozen importlib._bootstrap_external>", line 995, in exec_module
  File "<frozen importlib._bootstrap>", line 488, in _call_with_frames_removed
  File "/opt/airflow/dags/weekly_train_dag.py", line 8, in <module>
    import joblib, os
ModuleNotFoundError: No module named 'joblib'
[2025-10-15T02:11:58.205+0000] {processor.py:842} WARNING - No viable dags retrieved from /opt/airflow/dags/weekly_train_dag.py
[2025-10-15T02:11:58.248+0000] {processor.py:183} INFO - Processing /opt/airflow/dags/weekly_train_dag.py took 0.243 seconds
[2025-10-15T02:12:28.427+0000] {processor.py:161} INFO - Started process (PID=290) to work on /opt/airflow/dags/weekly_train_dag.py
[2025-10-15T02:12:28.428+0000] {processor.py:830} INFO - Processing file /opt/airflow/dags/weekly_train_dag.py for tasks to queue
[2025-10-15T02:12:28.430+0000] {logging_mixin.py:188} INFO - [2025-10-15T02:12:28.429+0000] {dagbag.py:545} INFO - Filling up the DagBag from /opt/airflow/dags/weekly_train_dag.py
[2025-10-15T02:12:28.648+0000] {logging_mixin.py:188} INFO - [2025-10-15T02:12:28.645+0000] {dagbag.py:355} ERROR - Failed to import: /opt/airflow/dags/weekly_train_dag.py
Traceback (most recent call last):
  File "/home/airflow/.local/lib/python3.12/site-packages/airflow/models/dagbag.py", line 351, in parse
    loader.exec_module(new_module)
  File "<frozen importlib._bootstrap_external>", line 995, in exec_module
  File "<frozen importlib._bootstrap>", line 488, in _call_with_frames_removed
  File "/opt/airflow/dags/weekly_train_dag.py", line 8, in <module>
    import joblib, os
ModuleNotFoundError: No module named 'joblib'
[2025-10-15T02:12:28.649+0000] {processor.py:842} WARNING - No viable dags retrieved from /opt/airflow/dags/weekly_train_dag.py
[2025-10-15T02:12:28.688+0000] {processor.py:183} INFO - Processing /opt/airflow/dags/weekly_train_dag.py took 0.267 seconds
[2025-10-15T02:12:58.893+0000] {processor.py:161} INFO - Started process (PID=320) to work on /opt/airflow/dags/weekly_train_dag.py
[2025-10-15T02:12:58.893+0000] {processor.py:830} INFO - Processing file /opt/airflow/dags/weekly_train_dag.py for tasks to queue
[2025-10-15T02:12:58.895+0000] {logging_mixin.py:188} INFO - [2025-10-15T02:12:58.895+0000] {dagbag.py:545} INFO - Filling up the DagBag from /opt/airflow/dags/weekly_train_dag.py
[2025-10-15T02:12:59.105+0000] {logging_mixin.py:188} INFO - [2025-10-15T02:12:59.099+0000] {dagbag.py:355} ERROR - Failed to import: /opt/airflow/dags/weekly_train_dag.py
Traceback (most recent call last):
  File "/home/airflow/.local/lib/python3.12/site-packages/airflow/models/dagbag.py", line 351, in parse
    loader.exec_module(new_module)
  File "<frozen importlib._bootstrap_external>", line 995, in exec_module
  File "<frozen importlib._bootstrap>", line 488, in _call_with_frames_removed
  File "/opt/airflow/dags/weekly_train_dag.py", line 8, in <module>
    import joblib, os
ModuleNotFoundError: No module named 'joblib'
[2025-10-15T02:12:59.106+0000] {processor.py:842} WARNING - No viable dags retrieved from /opt/airflow/dags/weekly_train_dag.py
[2025-10-15T02:12:59.167+0000] {processor.py:183} INFO - Processing /opt/airflow/dags/weekly_train_dag.py took 0.278 seconds
[2025-10-15T02:13:29.333+0000] {processor.py:161} INFO - Started process (PID=332) to work on /opt/airflow/dags/weekly_train_dag.py
[2025-10-15T02:13:29.334+0000] {processor.py:830} INFO - Processing file /opt/airflow/dags/weekly_train_dag.py for tasks to queue
[2025-10-15T02:13:29.336+0000] {logging_mixin.py:188} INFO - [2025-10-15T02:13:29.335+0000] {dagbag.py:545} INFO - Filling up the DagBag from /opt/airflow/dags/weekly_train_dag.py
[2025-10-15T02:13:29.538+0000] {logging_mixin.py:188} INFO - [2025-10-15T02:13:29.534+0000] {dagbag.py:355} ERROR - Failed to import: /opt/airflow/dags/weekly_train_dag.py
Traceback (most recent call last):
  File "/home/airflow/.local/lib/python3.12/site-packages/airflow/models/dagbag.py", line 351, in parse
    loader.exec_module(new_module)
  File "<frozen importlib._bootstrap_external>", line 995, in exec_module
  File "<frozen importlib._bootstrap>", line 488, in _call_with_frames_removed
  File "/opt/airflow/dags/weekly_train_dag.py", line 8, in <module>
    import joblib, os
ModuleNotFoundError: No module named 'joblib'
[2025-10-15T02:13:29.539+0000] {processor.py:842} WARNING - No viable dags retrieved from /opt/airflow/dags/weekly_train_dag.py
[2025-10-15T02:13:29.566+0000] {processor.py:183} INFO - Processing /opt/airflow/dags/weekly_train_dag.py took 0.237 seconds
[2025-10-15T02:13:59.719+0000] {processor.py:161} INFO - Started process (PID=344) to work on /opt/airflow/dags/weekly_train_dag.py
[2025-10-15T02:13:59.719+0000] {processor.py:830} INFO - Processing file /opt/airflow/dags/weekly_train_dag.py for tasks to queue
[2025-10-15T02:13:59.721+0000] {logging_mixin.py:188} INFO - [2025-10-15T02:13:59.720+0000] {dagbag.py:545} INFO - Filling up the DagBag from /opt/airflow/dags/weekly_train_dag.py
[2025-10-15T02:13:59.912+0000] {logging_mixin.py:188} INFO - [2025-10-15T02:13:59.909+0000] {dagbag.py:355} ERROR - Failed to import: /opt/airflow/dags/weekly_train_dag.py
Traceback (most recent call last):
  File "/home/airflow/.local/lib/python3.12/site-packages/airflow/models/dagbag.py", line 351, in parse
    loader.exec_module(new_module)
  File "<frozen importlib._bootstrap_external>", line 995, in exec_module
  File "<frozen importlib._bootstrap>", line 488, in _call_with_frames_removed
  File "/opt/airflow/dags/weekly_train_dag.py", line 8, in <module>
    import joblib, os
ModuleNotFoundError: No module named 'joblib'
[2025-10-15T02:13:59.913+0000] {processor.py:842} WARNING - No viable dags retrieved from /opt/airflow/dags/weekly_train_dag.py
[2025-10-15T02:13:59.940+0000] {processor.py:183} INFO - Processing /opt/airflow/dags/weekly_train_dag.py took 0.225 seconds
[2025-10-15T02:14:30.112+0000] {processor.py:161} INFO - Started process (PID=356) to work on /opt/airflow/dags/weekly_train_dag.py
[2025-10-15T02:14:30.113+0000] {processor.py:830} INFO - Processing file /opt/airflow/dags/weekly_train_dag.py for tasks to queue
[2025-10-15T02:14:30.114+0000] {logging_mixin.py:188} INFO - [2025-10-15T02:14:30.114+0000] {dagbag.py:545} INFO - Filling up the DagBag from /opt/airflow/dags/weekly_train_dag.py
[2025-10-15T02:14:30.312+0000] {logging_mixin.py:188} INFO - [2025-10-15T02:14:30.308+0000] {dagbag.py:355} ERROR - Failed to import: /opt/airflow/dags/weekly_train_dag.py
Traceback (most recent call last):
  File "/home/airflow/.local/lib/python3.12/site-packages/airflow/models/dagbag.py", line 351, in parse
    loader.exec_module(new_module)
  File "<frozen importlib._bootstrap_external>", line 995, in exec_module
  File "<frozen importlib._bootstrap>", line 488, in _call_with_frames_removed
  File "/opt/airflow/dags/weekly_train_dag.py", line 8, in <module>
    import joblib, os
ModuleNotFoundError: No module named 'joblib'
[2025-10-15T02:14:30.312+0000] {processor.py:842} WARNING - No viable dags retrieved from /opt/airflow/dags/weekly_train_dag.py
[2025-10-15T02:14:30.347+0000] {processor.py:183} INFO - Processing /opt/airflow/dags/weekly_train_dag.py took 0.238 seconds
[2025-10-15T02:15:00.533+0000] {processor.py:161} INFO - Started process (PID=368) to work on /opt/airflow/dags/weekly_train_dag.py
[2025-10-15T02:15:00.533+0000] {processor.py:830} INFO - Processing file /opt/airflow/dags/weekly_train_dag.py for tasks to queue
[2025-10-15T02:15:00.535+0000] {logging_mixin.py:188} INFO - [2025-10-15T02:15:00.535+0000] {dagbag.py:545} INFO - Filling up the DagBag from /opt/airflow/dags/weekly_train_dag.py
[2025-10-15T02:15:00.737+0000] {logging_mixin.py:188} INFO - [2025-10-15T02:15:00.733+0000] {dagbag.py:355} ERROR - Failed to import: /opt/airflow/dags/weekly_train_dag.py
Traceback (most recent call last):
  File "/home/airflow/.local/lib/python3.12/site-packages/airflow/models/dagbag.py", line 351, in parse
    loader.exec_module(new_module)
  File "<frozen importlib._bootstrap_external>", line 995, in exec_module
  File "<frozen importlib._bootstrap>", line 488, in _call_with_frames_removed
  File "/opt/airflow/dags/weekly_train_dag.py", line 8, in <module>
    import joblib, os
ModuleNotFoundError: No module named 'joblib'
[2025-10-15T02:15:00.738+0000] {processor.py:842} WARNING - No viable dags retrieved from /opt/airflow/dags/weekly_train_dag.py
[2025-10-15T02:15:00.782+0000] {processor.py:183} INFO - Processing /opt/airflow/dags/weekly_train_dag.py took 0.254 seconds
[2025-10-15T02:15:30.954+0000] {processor.py:161} INFO - Started process (PID=380) to work on /opt/airflow/dags/weekly_train_dag.py
[2025-10-15T02:15:30.954+0000] {processor.py:830} INFO - Processing file /opt/airflow/dags/weekly_train_dag.py for tasks to queue
[2025-10-15T02:15:30.956+0000] {logging_mixin.py:188} INFO - [2025-10-15T02:15:30.956+0000] {dagbag.py:545} INFO - Filling up the DagBag from /opt/airflow/dags/weekly_train_dag.py
[2025-10-15T02:15:31.172+0000] {logging_mixin.py:188} INFO - [2025-10-15T02:15:31.169+0000] {dagbag.py:355} ERROR - Failed to import: /opt/airflow/dags/weekly_train_dag.py
Traceback (most recent call last):
  File "/home/airflow/.local/lib/python3.12/site-packages/airflow/models/dagbag.py", line 351, in parse
    loader.exec_module(new_module)
  File "<frozen importlib._bootstrap_external>", line 995, in exec_module
  File "<frozen importlib._bootstrap>", line 488, in _call_with_frames_removed
  File "/opt/airflow/dags/weekly_train_dag.py", line 8, in <module>
    import joblib, os
ModuleNotFoundError: No module named 'joblib'
[2025-10-15T02:15:31.173+0000] {processor.py:842} WARNING - No viable dags retrieved from /opt/airflow/dags/weekly_train_dag.py
[2025-10-15T02:15:31.200+0000] {processor.py:183} INFO - Processing /opt/airflow/dags/weekly_train_dag.py took 0.251 seconds
[2025-10-15T02:16:01.371+0000] {processor.py:161} INFO - Started process (PID=392) to work on /opt/airflow/dags/weekly_train_dag.py
[2025-10-15T02:16:01.372+0000] {processor.py:830} INFO - Processing file /opt/airflow/dags/weekly_train_dag.py for tasks to queue
[2025-10-15T02:16:01.373+0000] {logging_mixin.py:188} INFO - [2025-10-15T02:16:01.373+0000] {dagbag.py:545} INFO - Filling up the DagBag from /opt/airflow/dags/weekly_train_dag.py
[2025-10-15T02:16:01.578+0000] {logging_mixin.py:188} INFO - [2025-10-15T02:16:01.575+0000] {dagbag.py:355} ERROR - Failed to import: /opt/airflow/dags/weekly_train_dag.py
Traceback (most recent call last):
  File "/home/airflow/.local/lib/python3.12/site-packages/airflow/models/dagbag.py", line 351, in parse
    loader.exec_module(new_module)
  File "<frozen importlib._bootstrap_external>", line 995, in exec_module
  File "<frozen importlib._bootstrap>", line 488, in _call_with_frames_removed
  File "/opt/airflow/dags/weekly_train_dag.py", line 8, in <module>
    import joblib, os
ModuleNotFoundError: No module named 'joblib'
[2025-10-15T02:16:01.579+0000] {processor.py:842} WARNING - No viable dags retrieved from /opt/airflow/dags/weekly_train_dag.py
[2025-10-15T02:16:01.620+0000] {processor.py:183} INFO - Processing /opt/airflow/dags/weekly_train_dag.py took 0.253 seconds
[2025-10-15T02:16:31.791+0000] {processor.py:161} INFO - Started process (PID=404) to work on /opt/airflow/dags/weekly_train_dag.py
[2025-10-15T02:16:31.792+0000] {processor.py:830} INFO - Processing file /opt/airflow/dags/weekly_train_dag.py for tasks to queue
[2025-10-15T02:16:31.793+0000] {logging_mixin.py:188} INFO - [2025-10-15T02:16:31.793+0000] {dagbag.py:545} INFO - Filling up the DagBag from /opt/airflow/dags/weekly_train_dag.py
[2025-10-15T02:16:32.008+0000] {logging_mixin.py:188} INFO - [2025-10-15T02:16:32.005+0000] {dagbag.py:355} ERROR - Failed to import: /opt/airflow/dags/weekly_train_dag.py
Traceback (most recent call last):
  File "/home/airflow/.local/lib/python3.12/site-packages/airflow/models/dagbag.py", line 351, in parse
    loader.exec_module(new_module)
  File "<frozen importlib._bootstrap_external>", line 995, in exec_module
  File "<frozen importlib._bootstrap>", line 488, in _call_with_frames_removed
  File "/opt/airflow/dags/weekly_train_dag.py", line 8, in <module>
    import joblib, os
ModuleNotFoundError: No module named 'joblib'
[2025-10-15T02:16:32.014+0000] {processor.py:842} WARNING - No viable dags retrieved from /opt/airflow/dags/weekly_train_dag.py
[2025-10-15T02:16:32.149+0000] {processor.py:183} INFO - Processing /opt/airflow/dags/weekly_train_dag.py took 0.362 seconds
[2025-10-15T02:17:02.346+0000] {processor.py:161} INFO - Started process (PID=416) to work on /opt/airflow/dags/weekly_train_dag.py
[2025-10-15T02:17:02.346+0000] {processor.py:830} INFO - Processing file /opt/airflow/dags/weekly_train_dag.py for tasks to queue
[2025-10-15T02:17:02.347+0000] {logging_mixin.py:188} INFO - [2025-10-15T02:17:02.347+0000] {dagbag.py:545} INFO - Filling up the DagBag from /opt/airflow/dags/weekly_train_dag.py
[2025-10-15T02:17:02.579+0000] {logging_mixin.py:188} INFO - [2025-10-15T02:17:02.575+0000] {dagbag.py:355} ERROR - Failed to import: /opt/airflow/dags/weekly_train_dag.py
Traceback (most recent call last):
  File "/home/airflow/.local/lib/python3.12/site-packages/airflow/models/dagbag.py", line 351, in parse
    loader.exec_module(new_module)
  File "<frozen importlib._bootstrap_external>", line 995, in exec_module
  File "<frozen importlib._bootstrap>", line 488, in _call_with_frames_removed
  File "/opt/airflow/dags/weekly_train_dag.py", line 8, in <module>
    import joblib, os
ModuleNotFoundError: No module named 'joblib'
[2025-10-15T02:17:02.581+0000] {processor.py:842} WARNING - No viable dags retrieved from /opt/airflow/dags/weekly_train_dag.py
[2025-10-15T02:17:02.618+0000] {processor.py:183} INFO - Processing /opt/airflow/dags/weekly_train_dag.py took 0.277 seconds
[2025-10-15T02:17:32.784+0000] {processor.py:161} INFO - Started process (PID=428) to work on /opt/airflow/dags/weekly_train_dag.py
[2025-10-15T02:17:32.785+0000] {processor.py:830} INFO - Processing file /opt/airflow/dags/weekly_train_dag.py for tasks to queue
[2025-10-15T02:17:32.787+0000] {logging_mixin.py:188} INFO - [2025-10-15T02:17:32.786+0000] {dagbag.py:545} INFO - Filling up the DagBag from /opt/airflow/dags/weekly_train_dag.py
[2025-10-15T02:17:32.989+0000] {logging_mixin.py:188} INFO - [2025-10-15T02:17:32.985+0000] {dagbag.py:355} ERROR - Failed to import: /opt/airflow/dags/weekly_train_dag.py
Traceback (most recent call last):
  File "/home/airflow/.local/lib/python3.12/site-packages/airflow/models/dagbag.py", line 351, in parse
    loader.exec_module(new_module)
  File "<frozen importlib._bootstrap_external>", line 995, in exec_module
  File "<frozen importlib._bootstrap>", line 488, in _call_with_frames_removed
  File "/opt/airflow/dags/weekly_train_dag.py", line 8, in <module>
    import joblib, os
ModuleNotFoundError: No module named 'joblib'
[2025-10-15T02:17:32.990+0000] {processor.py:842} WARNING - No viable dags retrieved from /opt/airflow/dags/weekly_train_dag.py
[2025-10-15T02:17:33.021+0000] {processor.py:183} INFO - Processing /opt/airflow/dags/weekly_train_dag.py took 0.241 seconds
[2025-10-15T02:18:03.258+0000] {processor.py:161} INFO - Started process (PID=440) to work on /opt/airflow/dags/weekly_train_dag.py
[2025-10-15T02:18:03.259+0000] {processor.py:830} INFO - Processing file /opt/airflow/dags/weekly_train_dag.py for tasks to queue
[2025-10-15T02:18:03.260+0000] {logging_mixin.py:188} INFO - [2025-10-15T02:18:03.260+0000] {dagbag.py:545} INFO - Filling up the DagBag from /opt/airflow/dags/weekly_train_dag.py
[2025-10-15T02:18:03.487+0000] {logging_mixin.py:188} INFO - [2025-10-15T02:18:03.483+0000] {dagbag.py:355} ERROR - Failed to import: /opt/airflow/dags/weekly_train_dag.py
Traceback (most recent call last):
  File "/home/airflow/.local/lib/python3.12/site-packages/airflow/models/dagbag.py", line 351, in parse
    loader.exec_module(new_module)
  File "<frozen importlib._bootstrap_external>", line 995, in exec_module
  File "<frozen importlib._bootstrap>", line 488, in _call_with_frames_removed
  File "/opt/airflow/dags/weekly_train_dag.py", line 8, in <module>
    import joblib, os
ModuleNotFoundError: No module named 'joblib'
[2025-10-15T02:18:03.488+0000] {processor.py:842} WARNING - No viable dags retrieved from /opt/airflow/dags/weekly_train_dag.py
[2025-10-15T02:18:03.525+0000] {processor.py:183} INFO - Processing /opt/airflow/dags/weekly_train_dag.py took 0.271 seconds
[2025-10-15T02:18:33.684+0000] {processor.py:161} INFO - Started process (PID=452) to work on /opt/airflow/dags/weekly_train_dag.py
[2025-10-15T02:18:33.685+0000] {processor.py:830} INFO - Processing file /opt/airflow/dags/weekly_train_dag.py for tasks to queue
[2025-10-15T02:18:33.686+0000] {logging_mixin.py:188} INFO - [2025-10-15T02:18:33.686+0000] {dagbag.py:545} INFO - Filling up the DagBag from /opt/airflow/dags/weekly_train_dag.py
[2025-10-15T02:18:33.888+0000] {logging_mixin.py:188} INFO - [2025-10-15T02:18:33.881+0000] {dagbag.py:355} ERROR - Failed to import: /opt/airflow/dags/weekly_train_dag.py
Traceback (most recent call last):
  File "/home/airflow/.local/lib/python3.12/site-packages/airflow/models/dagbag.py", line 351, in parse
    loader.exec_module(new_module)
  File "<frozen importlib._bootstrap_external>", line 995, in exec_module
  File "<frozen importlib._bootstrap>", line 488, in _call_with_frames_removed
  File "/opt/airflow/dags/weekly_train_dag.py", line 8, in <module>
    import joblib, os
ModuleNotFoundError: No module named 'joblib'
[2025-10-15T02:18:33.889+0000] {processor.py:842} WARNING - No viable dags retrieved from /opt/airflow/dags/weekly_train_dag.py
[2025-10-15T02:18:33.917+0000] {processor.py:183} INFO - Processing /opt/airflow/dags/weekly_train_dag.py took 0.238 seconds
[2025-10-15T02:19:04.087+0000] {processor.py:161} INFO - Started process (PID=464) to work on /opt/airflow/dags/weekly_train_dag.py
[2025-10-15T02:19:04.088+0000] {processor.py:830} INFO - Processing file /opt/airflow/dags/weekly_train_dag.py for tasks to queue
[2025-10-15T02:19:04.089+0000] {logging_mixin.py:188} INFO - [2025-10-15T02:19:04.089+0000] {dagbag.py:545} INFO - Filling up the DagBag from /opt/airflow/dags/weekly_train_dag.py
[2025-10-15T02:19:04.313+0000] {logging_mixin.py:188} INFO - [2025-10-15T02:19:04.306+0000] {dagbag.py:355} ERROR - Failed to import: /opt/airflow/dags/weekly_train_dag.py
Traceback (most recent call last):
  File "/home/airflow/.local/lib/python3.12/site-packages/airflow/models/dagbag.py", line 351, in parse
    loader.exec_module(new_module)
  File "<frozen importlib._bootstrap_external>", line 995, in exec_module
  File "<frozen importlib._bootstrap>", line 488, in _call_with_frames_removed
  File "/opt/airflow/dags/weekly_train_dag.py", line 8, in <module>
    import joblib, os
ModuleNotFoundError: No module named 'joblib'
[2025-10-15T02:19:04.314+0000] {processor.py:842} WARNING - No viable dags retrieved from /opt/airflow/dags/weekly_train_dag.py
[2025-10-15T02:19:04.384+0000] {processor.py:183} INFO - Processing /opt/airflow/dags/weekly_train_dag.py took 0.301 seconds
[2025-10-15T02:19:34.563+0000] {processor.py:161} INFO - Started process (PID=476) to work on /opt/airflow/dags/weekly_train_dag.py
[2025-10-15T02:19:34.564+0000] {processor.py:830} INFO - Processing file /opt/airflow/dags/weekly_train_dag.py for tasks to queue
[2025-10-15T02:19:34.566+0000] {logging_mixin.py:188} INFO - [2025-10-15T02:19:34.565+0000] {dagbag.py:545} INFO - Filling up the DagBag from /opt/airflow/dags/weekly_train_dag.py
[2025-10-15T02:19:34.767+0000] {logging_mixin.py:188} INFO - [2025-10-15T02:19:34.763+0000] {dagbag.py:355} ERROR - Failed to import: /opt/airflow/dags/weekly_train_dag.py
Traceback (most recent call last):
  File "/home/airflow/.local/lib/python3.12/site-packages/airflow/models/dagbag.py", line 351, in parse
    loader.exec_module(new_module)
  File "<frozen importlib._bootstrap_external>", line 995, in exec_module
  File "<frozen importlib._bootstrap>", line 488, in _call_with_frames_removed
  File "/opt/airflow/dags/weekly_train_dag.py", line 8, in <module>
    import joblib, os
ModuleNotFoundError: No module named 'joblib'
[2025-10-15T02:19:34.768+0000] {processor.py:842} WARNING - No viable dags retrieved from /opt/airflow/dags/weekly_train_dag.py
[2025-10-15T02:19:34.801+0000] {processor.py:183} INFO - Processing /opt/airflow/dags/weekly_train_dag.py took 0.242 seconds
[2025-10-15T02:20:04.966+0000] {processor.py:161} INFO - Started process (PID=488) to work on /opt/airflow/dags/weekly_train_dag.py
[2025-10-15T02:20:04.967+0000] {processor.py:830} INFO - Processing file /opt/airflow/dags/weekly_train_dag.py for tasks to queue
[2025-10-15T02:20:04.968+0000] {logging_mixin.py:188} INFO - [2025-10-15T02:20:04.968+0000] {dagbag.py:545} INFO - Filling up the DagBag from /opt/airflow/dags/weekly_train_dag.py
[2025-10-15T02:20:05.160+0000] {logging_mixin.py:188} INFO - [2025-10-15T02:20:05.157+0000] {dagbag.py:355} ERROR - Failed to import: /opt/airflow/dags/weekly_train_dag.py
Traceback (most recent call last):
  File "/home/airflow/.local/lib/python3.12/site-packages/airflow/models/dagbag.py", line 351, in parse
    loader.exec_module(new_module)
  File "<frozen importlib._bootstrap_external>", line 995, in exec_module
  File "<frozen importlib._bootstrap>", line 488, in _call_with_frames_removed
  File "/opt/airflow/dags/weekly_train_dag.py", line 8, in <module>
    import joblib, os
ModuleNotFoundError: No module named 'joblib'
[2025-10-15T02:20:05.160+0000] {processor.py:842} WARNING - No viable dags retrieved from /opt/airflow/dags/weekly_train_dag.py
[2025-10-15T02:20:05.188+0000] {processor.py:183} INFO - Processing /opt/airflow/dags/weekly_train_dag.py took 0.226 seconds
[2025-10-15T02:20:35.357+0000] {processor.py:161} INFO - Started process (PID=500) to work on /opt/airflow/dags/weekly_train_dag.py
[2025-10-15T02:20:35.358+0000] {processor.py:830} INFO - Processing file /opt/airflow/dags/weekly_train_dag.py for tasks to queue
[2025-10-15T02:20:35.359+0000] {logging_mixin.py:188} INFO - [2025-10-15T02:20:35.359+0000] {dagbag.py:545} INFO - Filling up the DagBag from /opt/airflow/dags/weekly_train_dag.py
[2025-10-15T02:20:35.586+0000] {logging_mixin.py:188} INFO - [2025-10-15T02:20:35.582+0000] {dagbag.py:355} ERROR - Failed to import: /opt/airflow/dags/weekly_train_dag.py
Traceback (most recent call last):
  File "/home/airflow/.local/lib/python3.12/site-packages/airflow/models/dagbag.py", line 351, in parse
    loader.exec_module(new_module)
  File "<frozen importlib._bootstrap_external>", line 995, in exec_module
  File "<frozen importlib._bootstrap>", line 488, in _call_with_frames_removed
  File "/opt/airflow/dags/weekly_train_dag.py", line 8, in <module>
    import joblib, os
ModuleNotFoundError: No module named 'joblib'
[2025-10-15T02:20:35.587+0000] {processor.py:842} WARNING - No viable dags retrieved from /opt/airflow/dags/weekly_train_dag.py
[2025-10-15T02:20:35.619+0000] {processor.py:183} INFO - Processing /opt/airflow/dags/weekly_train_dag.py took 0.267 seconds
[2025-10-15T02:21:05.785+0000] {processor.py:161} INFO - Started process (PID=512) to work on /opt/airflow/dags/weekly_train_dag.py
[2025-10-15T02:21:05.786+0000] {processor.py:830} INFO - Processing file /opt/airflow/dags/weekly_train_dag.py for tasks to queue
[2025-10-15T02:21:05.788+0000] {logging_mixin.py:188} INFO - [2025-10-15T02:21:05.788+0000] {dagbag.py:545} INFO - Filling up the DagBag from /opt/airflow/dags/weekly_train_dag.py
[2025-10-15T02:21:06.016+0000] {logging_mixin.py:188} INFO - [2025-10-15T02:21:06.013+0000] {dagbag.py:355} ERROR - Failed to import: /opt/airflow/dags/weekly_train_dag.py
Traceback (most recent call last):
  File "/home/airflow/.local/lib/python3.12/site-packages/airflow/models/dagbag.py", line 351, in parse
    loader.exec_module(new_module)
  File "<frozen importlib._bootstrap_external>", line 995, in exec_module
  File "<frozen importlib._bootstrap>", line 488, in _call_with_frames_removed
  File "/opt/airflow/dags/weekly_train_dag.py", line 8, in <module>
    import joblib, os
ModuleNotFoundError: No module named 'joblib'
[2025-10-15T02:21:06.018+0000] {processor.py:842} WARNING - No viable dags retrieved from /opt/airflow/dags/weekly_train_dag.py
[2025-10-15T02:21:06.049+0000] {processor.py:183} INFO - Processing /opt/airflow/dags/weekly_train_dag.py took 0.269 seconds
[2025-10-15T02:21:36.232+0000] {processor.py:161} INFO - Started process (PID=524) to work on /opt/airflow/dags/weekly_train_dag.py
[2025-10-15T02:21:36.233+0000] {processor.py:830} INFO - Processing file /opt/airflow/dags/weekly_train_dag.py for tasks to queue
[2025-10-15T02:21:36.234+0000] {logging_mixin.py:188} INFO - [2025-10-15T02:21:36.234+0000] {dagbag.py:545} INFO - Filling up the DagBag from /opt/airflow/dags/weekly_train_dag.py
[2025-10-15T02:21:36.453+0000] {logging_mixin.py:188} INFO - [2025-10-15T02:21:36.450+0000] {dagbag.py:355} ERROR - Failed to import: /opt/airflow/dags/weekly_train_dag.py
Traceback (most recent call last):
  File "/home/airflow/.local/lib/python3.12/site-packages/airflow/models/dagbag.py", line 351, in parse
    loader.exec_module(new_module)
  File "<frozen importlib._bootstrap_external>", line 995, in exec_module
  File "<frozen importlib._bootstrap>", line 488, in _call_with_frames_removed
  File "/opt/airflow/dags/weekly_train_dag.py", line 8, in <module>
    import joblib, os
ModuleNotFoundError: No module named 'joblib'
[2025-10-15T02:21:36.455+0000] {processor.py:842} WARNING - No viable dags retrieved from /opt/airflow/dags/weekly_train_dag.py
[2025-10-15T02:21:36.563+0000] {processor.py:183} INFO - Processing /opt/airflow/dags/weekly_train_dag.py took 0.334 seconds
[2025-10-15T02:22:06.712+0000] {processor.py:161} INFO - Started process (PID=536) to work on /opt/airflow/dags/weekly_train_dag.py
[2025-10-15T02:22:06.712+0000] {processor.py:830} INFO - Processing file /opt/airflow/dags/weekly_train_dag.py for tasks to queue
[2025-10-15T02:22:06.713+0000] {logging_mixin.py:188} INFO - [2025-10-15T02:22:06.713+0000] {dagbag.py:545} INFO - Filling up the DagBag from /opt/airflow/dags/weekly_train_dag.py
[2025-10-15T02:22:06.921+0000] {logging_mixin.py:188} INFO - [2025-10-15T02:22:06.913+0000] {dagbag.py:355} ERROR - Failed to import: /opt/airflow/dags/weekly_train_dag.py
Traceback (most recent call last):
  File "/home/airflow/.local/lib/python3.12/site-packages/airflow/models/dagbag.py", line 351, in parse
    loader.exec_module(new_module)
  File "<frozen importlib._bootstrap_external>", line 995, in exec_module
  File "<frozen importlib._bootstrap>", line 488, in _call_with_frames_removed
  File "/opt/airflow/dags/weekly_train_dag.py", line 8, in <module>
    import joblib, os
ModuleNotFoundError: No module named 'joblib'
[2025-10-15T02:22:06.924+0000] {processor.py:842} WARNING - No viable dags retrieved from /opt/airflow/dags/weekly_train_dag.py
[2025-10-15T02:22:06.951+0000] {processor.py:183} INFO - Processing /opt/airflow/dags/weekly_train_dag.py took 0.244 seconds
[2025-10-15T02:22:37.118+0000] {processor.py:161} INFO - Started process (PID=548) to work on /opt/airflow/dags/weekly_train_dag.py
[2025-10-15T02:22:37.119+0000] {processor.py:830} INFO - Processing file /opt/airflow/dags/weekly_train_dag.py for tasks to queue
[2025-10-15T02:22:37.120+0000] {logging_mixin.py:188} INFO - [2025-10-15T02:22:37.120+0000] {dagbag.py:545} INFO - Filling up the DagBag from /opt/airflow/dags/weekly_train_dag.py
[2025-10-15T02:22:37.348+0000] {logging_mixin.py:188} INFO - [2025-10-15T02:22:37.344+0000] {dagbag.py:355} ERROR - Failed to import: /opt/airflow/dags/weekly_train_dag.py
Traceback (most recent call last):
  File "/home/airflow/.local/lib/python3.12/site-packages/airflow/models/dagbag.py", line 351, in parse
    loader.exec_module(new_module)
  File "<frozen importlib._bootstrap_external>", line 995, in exec_module
  File "<frozen importlib._bootstrap>", line 488, in _call_with_frames_removed
  File "/opt/airflow/dags/weekly_train_dag.py", line 8, in <module>
    import joblib, os
ModuleNotFoundError: No module named 'joblib'
[2025-10-15T02:22:37.350+0000] {processor.py:842} WARNING - No viable dags retrieved from /opt/airflow/dags/weekly_train_dag.py
[2025-10-15T02:22:37.387+0000] {processor.py:183} INFO - Processing /opt/airflow/dags/weekly_train_dag.py took 0.273 seconds
[2025-10-15T02:23:07.630+0000] {processor.py:161} INFO - Started process (PID=560) to work on /opt/airflow/dags/weekly_train_dag.py
[2025-10-15T02:23:07.630+0000] {processor.py:830} INFO - Processing file /opt/airflow/dags/weekly_train_dag.py for tasks to queue
[2025-10-15T02:23:07.632+0000] {logging_mixin.py:188} INFO - [2025-10-15T02:23:07.632+0000] {dagbag.py:545} INFO - Filling up the DagBag from /opt/airflow/dags/weekly_train_dag.py
[2025-10-15T02:23:07.844+0000] {logging_mixin.py:188} INFO - [2025-10-15T02:23:07.840+0000] {dagbag.py:355} ERROR - Failed to import: /opt/airflow/dags/weekly_train_dag.py
Traceback (most recent call last):
  File "/home/airflow/.local/lib/python3.12/site-packages/airflow/models/dagbag.py", line 351, in parse
    loader.exec_module(new_module)
  File "<frozen importlib._bootstrap_external>", line 995, in exec_module
  File "<frozen importlib._bootstrap>", line 488, in _call_with_frames_removed
  File "/opt/airflow/dags/weekly_train_dag.py", line 8, in <module>
    import joblib, os
ModuleNotFoundError: No module named 'joblib'
[2025-10-15T02:23:07.845+0000] {processor.py:842} WARNING - No viable dags retrieved from /opt/airflow/dags/weekly_train_dag.py
[2025-10-15T02:23:07.876+0000] {processor.py:183} INFO - Processing /opt/airflow/dags/weekly_train_dag.py took 0.251 seconds
[2025-10-15T02:23:38.074+0000] {processor.py:161} INFO - Started process (PID=572) to work on /opt/airflow/dags/weekly_train_dag.py
[2025-10-15T02:23:38.075+0000] {processor.py:830} INFO - Processing file /opt/airflow/dags/weekly_train_dag.py for tasks to queue
[2025-10-15T02:23:38.076+0000] {logging_mixin.py:188} INFO - [2025-10-15T02:23:38.076+0000] {dagbag.py:545} INFO - Filling up the DagBag from /opt/airflow/dags/weekly_train_dag.py
[2025-10-15T02:23:38.282+0000] {logging_mixin.py:188} INFO - [2025-10-15T02:23:38.278+0000] {dagbag.py:355} ERROR - Failed to import: /opt/airflow/dags/weekly_train_dag.py
Traceback (most recent call last):
  File "/home/airflow/.local/lib/python3.12/site-packages/airflow/models/dagbag.py", line 351, in parse
    loader.exec_module(new_module)
  File "<frozen importlib._bootstrap_external>", line 995, in exec_module
  File "<frozen importlib._bootstrap>", line 488, in _call_with_frames_removed
  File "/opt/airflow/dags/weekly_train_dag.py", line 8, in <module>
    import joblib, os
ModuleNotFoundError: No module named 'joblib'
[2025-10-15T02:23:38.283+0000] {processor.py:842} WARNING - No viable dags retrieved from /opt/airflow/dags/weekly_train_dag.py
[2025-10-15T02:23:38.311+0000] {processor.py:183} INFO - Processing /opt/airflow/dags/weekly_train_dag.py took 0.242 seconds
[2025-10-15T02:24:08.470+0000] {processor.py:161} INFO - Started process (PID=584) to work on /opt/airflow/dags/weekly_train_dag.py
[2025-10-15T02:24:08.471+0000] {processor.py:830} INFO - Processing file /opt/airflow/dags/weekly_train_dag.py for tasks to queue
[2025-10-15T02:24:08.472+0000] {logging_mixin.py:188} INFO - [2025-10-15T02:24:08.472+0000] {dagbag.py:545} INFO - Filling up the DagBag from /opt/airflow/dags/weekly_train_dag.py
[2025-10-15T02:24:08.732+0000] {logging_mixin.py:188} INFO - [2025-10-15T02:24:08.730+0000] {dagbag.py:355} ERROR - Failed to import: /opt/airflow/dags/weekly_train_dag.py
Traceback (most recent call last):
  File "/home/airflow/.local/lib/python3.12/site-packages/airflow/models/dagbag.py", line 351, in parse
    loader.exec_module(new_module)
  File "<frozen importlib._bootstrap_external>", line 995, in exec_module
  File "<frozen importlib._bootstrap>", line 488, in _call_with_frames_removed
  File "/opt/airflow/dags/weekly_train_dag.py", line 8, in <module>
    import joblib, os
ModuleNotFoundError: No module named 'joblib'
[2025-10-15T02:24:08.733+0000] {processor.py:842} WARNING - No viable dags retrieved from /opt/airflow/dags/weekly_train_dag.py
[2025-10-15T02:24:08.760+0000] {processor.py:183} INFO - Processing /opt/airflow/dags/weekly_train_dag.py took 0.295 seconds
[2025-10-15T02:24:38.952+0000] {processor.py:161} INFO - Started process (PID=596) to work on /opt/airflow/dags/weekly_train_dag.py
[2025-10-15T02:24:38.953+0000] {processor.py:830} INFO - Processing file /opt/airflow/dags/weekly_train_dag.py for tasks to queue
[2025-10-15T02:24:38.954+0000] {logging_mixin.py:188} INFO - [2025-10-15T02:24:38.954+0000] {dagbag.py:545} INFO - Filling up the DagBag from /opt/airflow/dags/weekly_train_dag.py
[2025-10-15T02:24:39.144+0000] {logging_mixin.py:188} INFO - [2025-10-15T02:24:39.141+0000] {dagbag.py:355} ERROR - Failed to import: /opt/airflow/dags/weekly_train_dag.py
Traceback (most recent call last):
  File "/home/airflow/.local/lib/python3.12/site-packages/airflow/models/dagbag.py", line 351, in parse
    loader.exec_module(new_module)
  File "<frozen importlib._bootstrap_external>", line 995, in exec_module
  File "<frozen importlib._bootstrap>", line 488, in _call_with_frames_removed
  File "/opt/airflow/dags/weekly_train_dag.py", line 8, in <module>
    import joblib, os
ModuleNotFoundError: No module named 'joblib'
[2025-10-15T02:24:39.145+0000] {processor.py:842} WARNING - No viable dags retrieved from /opt/airflow/dags/weekly_train_dag.py
[2025-10-15T02:24:39.173+0000] {processor.py:183} INFO - Processing /opt/airflow/dags/weekly_train_dag.py took 0.225 seconds
[2025-10-15T02:25:09.371+0000] {processor.py:161} INFO - Started process (PID=608) to work on /opt/airflow/dags/weekly_train_dag.py
[2025-10-15T02:25:09.371+0000] {processor.py:830} INFO - Processing file /opt/airflow/dags/weekly_train_dag.py for tasks to queue
[2025-10-15T02:25:09.372+0000] {logging_mixin.py:188} INFO - [2025-10-15T02:25:09.372+0000] {dagbag.py:545} INFO - Filling up the DagBag from /opt/airflow/dags/weekly_train_dag.py
[2025-10-15T02:25:09.558+0000] {logging_mixin.py:188} INFO - [2025-10-15T02:25:09.556+0000] {dagbag.py:355} ERROR - Failed to import: /opt/airflow/dags/weekly_train_dag.py
Traceback (most recent call last):
  File "/home/airflow/.local/lib/python3.12/site-packages/airflow/models/dagbag.py", line 351, in parse
    loader.exec_module(new_module)
  File "<frozen importlib._bootstrap_external>", line 995, in exec_module
  File "<frozen importlib._bootstrap>", line 488, in _call_with_frames_removed
  File "/opt/airflow/dags/weekly_train_dag.py", line 8, in <module>
    import joblib, os
ModuleNotFoundError: No module named 'joblib'
[2025-10-15T02:25:09.560+0000] {processor.py:842} WARNING - No viable dags retrieved from /opt/airflow/dags/weekly_train_dag.py
[2025-10-15T02:25:09.589+0000] {processor.py:183} INFO - Processing /opt/airflow/dags/weekly_train_dag.py took 0.222 seconds
[2025-10-15T02:25:39.787+0000] {processor.py:161} INFO - Started process (PID=620) to work on /opt/airflow/dags/weekly_train_dag.py
[2025-10-15T02:25:39.788+0000] {processor.py:830} INFO - Processing file /opt/airflow/dags/weekly_train_dag.py for tasks to queue
[2025-10-15T02:25:39.790+0000] {logging_mixin.py:188} INFO - [2025-10-15T02:25:39.790+0000] {dagbag.py:545} INFO - Filling up the DagBag from /opt/airflow/dags/weekly_train_dag.py
[2025-10-15T02:25:39.996+0000] {logging_mixin.py:188} INFO - [2025-10-15T02:25:39.993+0000] {dagbag.py:355} ERROR - Failed to import: /opt/airflow/dags/weekly_train_dag.py
Traceback (most recent call last):
  File "/home/airflow/.local/lib/python3.12/site-packages/airflow/models/dagbag.py", line 351, in parse
    loader.exec_module(new_module)
  File "<frozen importlib._bootstrap_external>", line 995, in exec_module
  File "<frozen importlib._bootstrap>", line 488, in _call_with_frames_removed
  File "/opt/airflow/dags/weekly_train_dag.py", line 8, in <module>
    import joblib, os
ModuleNotFoundError: No module named 'joblib'
[2025-10-15T02:25:39.997+0000] {processor.py:842} WARNING - No viable dags retrieved from /opt/airflow/dags/weekly_train_dag.py
[2025-10-15T02:25:40.020+0000] {processor.py:183} INFO - Processing /opt/airflow/dags/weekly_train_dag.py took 0.238 seconds
[2025-10-15T02:26:10.207+0000] {processor.py:161} INFO - Started process (PID=632) to work on /opt/airflow/dags/weekly_train_dag.py
[2025-10-15T02:26:10.208+0000] {processor.py:830} INFO - Processing file /opt/airflow/dags/weekly_train_dag.py for tasks to queue
[2025-10-15T02:26:10.210+0000] {logging_mixin.py:188} INFO - [2025-10-15T02:26:10.209+0000] {dagbag.py:545} INFO - Filling up the DagBag from /opt/airflow/dags/weekly_train_dag.py
[2025-10-15T02:26:10.410+0000] {logging_mixin.py:188} INFO - [2025-10-15T02:26:10.406+0000] {dagbag.py:355} ERROR - Failed to import: /opt/airflow/dags/weekly_train_dag.py
Traceback (most recent call last):
  File "/home/airflow/.local/lib/python3.12/site-packages/airflow/models/dagbag.py", line 351, in parse
    loader.exec_module(new_module)
  File "<frozen importlib._bootstrap_external>", line 995, in exec_module
  File "<frozen importlib._bootstrap>", line 488, in _call_with_frames_removed
  File "/opt/airflow/dags/weekly_train_dag.py", line 8, in <module>
    import joblib, os
ModuleNotFoundError: No module named 'joblib'
[2025-10-15T02:26:10.411+0000] {processor.py:842} WARNING - No viable dags retrieved from /opt/airflow/dags/weekly_train_dag.py
[2025-10-15T02:26:10.448+0000] {processor.py:183} INFO - Processing /opt/airflow/dags/weekly_train_dag.py took 0.246 seconds
[2025-10-15T02:26:40.623+0000] {processor.py:161} INFO - Started process (PID=644) to work on /opt/airflow/dags/weekly_train_dag.py
[2025-10-15T02:26:40.624+0000] {processor.py:830} INFO - Processing file /opt/airflow/dags/weekly_train_dag.py for tasks to queue
[2025-10-15T02:26:40.625+0000] {logging_mixin.py:188} INFO - [2025-10-15T02:26:40.625+0000] {dagbag.py:545} INFO - Filling up the DagBag from /opt/airflow/dags/weekly_train_dag.py
[2025-10-15T02:26:40.847+0000] {logging_mixin.py:188} INFO - [2025-10-15T02:26:40.845+0000] {dagbag.py:355} ERROR - Failed to import: /opt/airflow/dags/weekly_train_dag.py
Traceback (most recent call last):
  File "/home/airflow/.local/lib/python3.12/site-packages/airflow/models/dagbag.py", line 351, in parse
    loader.exec_module(new_module)
  File "<frozen importlib._bootstrap_external>", line 995, in exec_module
  File "<frozen importlib._bootstrap>", line 488, in _call_with_frames_removed
  File "/opt/airflow/dags/weekly_train_dag.py", line 8, in <module>
    import joblib, os
ModuleNotFoundError: No module named 'joblib'
[2025-10-15T02:26:40.848+0000] {processor.py:842} WARNING - No viable dags retrieved from /opt/airflow/dags/weekly_train_dag.py
[2025-10-15T02:26:40.874+0000] {processor.py:183} INFO - Processing /opt/airflow/dags/weekly_train_dag.py took 0.256 seconds
[2025-10-15T02:27:11.042+0000] {processor.py:161} INFO - Started process (PID=656) to work on /opt/airflow/dags/weekly_train_dag.py
[2025-10-15T02:27:11.043+0000] {processor.py:830} INFO - Processing file /opt/airflow/dags/weekly_train_dag.py for tasks to queue
[2025-10-15T02:27:11.045+0000] {logging_mixin.py:188} INFO - [2025-10-15T02:27:11.044+0000] {dagbag.py:545} INFO - Filling up the DagBag from /opt/airflow/dags/weekly_train_dag.py
[2025-10-15T02:27:11.234+0000] {logging_mixin.py:188} INFO - [2025-10-15T02:27:11.231+0000] {dagbag.py:355} ERROR - Failed to import: /opt/airflow/dags/weekly_train_dag.py
Traceback (most recent call last):
  File "/home/airflow/.local/lib/python3.12/site-packages/airflow/models/dagbag.py", line 351, in parse
    loader.exec_module(new_module)
  File "<frozen importlib._bootstrap_external>", line 995, in exec_module
  File "<frozen importlib._bootstrap>", line 488, in _call_with_frames_removed
  File "/opt/airflow/dags/weekly_train_dag.py", line 8, in <module>
    import joblib, os
ModuleNotFoundError: No module named 'joblib'
[2025-10-15T02:27:11.235+0000] {processor.py:842} WARNING - No viable dags retrieved from /opt/airflow/dags/weekly_train_dag.py
[2025-10-15T02:27:11.266+0000] {processor.py:183} INFO - Processing /opt/airflow/dags/weekly_train_dag.py took 0.228 seconds
[2025-10-15T02:27:41.415+0000] {processor.py:161} INFO - Started process (PID=668) to work on /opt/airflow/dags/weekly_train_dag.py
[2025-10-15T02:27:41.416+0000] {processor.py:830} INFO - Processing file /opt/airflow/dags/weekly_train_dag.py for tasks to queue
[2025-10-15T02:27:41.417+0000] {logging_mixin.py:188} INFO - [2025-10-15T02:27:41.417+0000] {dagbag.py:545} INFO - Filling up the DagBag from /opt/airflow/dags/weekly_train_dag.py
[2025-10-15T02:27:41.631+0000] {logging_mixin.py:188} INFO - [2025-10-15T02:27:41.628+0000] {dagbag.py:355} ERROR - Failed to import: /opt/airflow/dags/weekly_train_dag.py
Traceback (most recent call last):
  File "/home/airflow/.local/lib/python3.12/site-packages/airflow/models/dagbag.py", line 351, in parse
    loader.exec_module(new_module)
  File "<frozen importlib._bootstrap_external>", line 995, in exec_module
  File "<frozen importlib._bootstrap>", line 488, in _call_with_frames_removed
  File "/opt/airflow/dags/weekly_train_dag.py", line 8, in <module>
    import joblib, os
ModuleNotFoundError: No module named 'joblib'
[2025-10-15T02:27:41.633+0000] {processor.py:842} WARNING - No viable dags retrieved from /opt/airflow/dags/weekly_train_dag.py
[2025-10-15T02:27:41.663+0000] {processor.py:183} INFO - Processing /opt/airflow/dags/weekly_train_dag.py took 0.252 seconds
[2025-10-15T02:28:11.864+0000] {processor.py:161} INFO - Started process (PID=680) to work on /opt/airflow/dags/weekly_train_dag.py
[2025-10-15T02:28:11.865+0000] {processor.py:830} INFO - Processing file /opt/airflow/dags/weekly_train_dag.py for tasks to queue
[2025-10-15T02:28:11.866+0000] {logging_mixin.py:188} INFO - [2025-10-15T02:28:11.866+0000] {dagbag.py:545} INFO - Filling up the DagBag from /opt/airflow/dags/weekly_train_dag.py
[2025-10-15T02:28:12.057+0000] {logging_mixin.py:188} INFO - [2025-10-15T02:28:12.051+0000] {dagbag.py:355} ERROR - Failed to import: /opt/airflow/dags/weekly_train_dag.py
Traceback (most recent call last):
  File "/home/airflow/.local/lib/python3.12/site-packages/airflow/models/dagbag.py", line 351, in parse
    loader.exec_module(new_module)
  File "<frozen importlib._bootstrap_external>", line 995, in exec_module
  File "<frozen importlib._bootstrap>", line 488, in _call_with_frames_removed
  File "/opt/airflow/dags/weekly_train_dag.py", line 8, in <module>
    import joblib, os
ModuleNotFoundError: No module named 'joblib'
[2025-10-15T02:28:12.058+0000] {processor.py:842} WARNING - No viable dags retrieved from /opt/airflow/dags/weekly_train_dag.py
[2025-10-15T02:28:12.096+0000] {processor.py:183} INFO - Processing /opt/airflow/dags/weekly_train_dag.py took 0.236 seconds
[2025-10-15T02:28:42.283+0000] {processor.py:161} INFO - Started process (PID=692) to work on /opt/airflow/dags/weekly_train_dag.py
[2025-10-15T02:28:42.284+0000] {processor.py:830} INFO - Processing file /opt/airflow/dags/weekly_train_dag.py for tasks to queue
[2025-10-15T02:28:42.286+0000] {logging_mixin.py:188} INFO - [2025-10-15T02:28:42.285+0000] {dagbag.py:545} INFO - Filling up the DagBag from /opt/airflow/dags/weekly_train_dag.py
[2025-10-15T02:28:42.482+0000] {logging_mixin.py:188} INFO - [2025-10-15T02:28:42.479+0000] {dagbag.py:355} ERROR - Failed to import: /opt/airflow/dags/weekly_train_dag.py
Traceback (most recent call last):
  File "/home/airflow/.local/lib/python3.12/site-packages/airflow/models/dagbag.py", line 351, in parse
    loader.exec_module(new_module)
  File "<frozen importlib._bootstrap_external>", line 995, in exec_module
  File "<frozen importlib._bootstrap>", line 488, in _call_with_frames_removed
  File "/opt/airflow/dags/weekly_train_dag.py", line 8, in <module>
    import joblib, os
ModuleNotFoundError: No module named 'joblib'
[2025-10-15T02:28:42.487+0000] {processor.py:842} WARNING - No viable dags retrieved from /opt/airflow/dags/weekly_train_dag.py
[2025-10-15T02:28:42.517+0000] {processor.py:183} INFO - Processing /opt/airflow/dags/weekly_train_dag.py took 0.238 seconds
[2025-10-15T02:29:12.675+0000] {processor.py:161} INFO - Started process (PID=704) to work on /opt/airflow/dags/weekly_train_dag.py
[2025-10-15T02:29:12.676+0000] {processor.py:830} INFO - Processing file /opt/airflow/dags/weekly_train_dag.py for tasks to queue
[2025-10-15T02:29:12.677+0000] {logging_mixin.py:188} INFO - [2025-10-15T02:29:12.677+0000] {dagbag.py:545} INFO - Filling up the DagBag from /opt/airflow/dags/weekly_train_dag.py
[2025-10-15T02:29:12.872+0000] {logging_mixin.py:188} INFO - [2025-10-15T02:29:12.869+0000] {dagbag.py:355} ERROR - Failed to import: /opt/airflow/dags/weekly_train_dag.py
Traceback (most recent call last):
  File "/home/airflow/.local/lib/python3.12/site-packages/airflow/models/dagbag.py", line 351, in parse
    loader.exec_module(new_module)
  File "<frozen importlib._bootstrap_external>", line 995, in exec_module
  File "<frozen importlib._bootstrap>", line 488, in _call_with_frames_removed
  File "/opt/airflow/dags/weekly_train_dag.py", line 8, in <module>
    import joblib, os
ModuleNotFoundError: No module named 'joblib'
[2025-10-15T02:29:12.873+0000] {processor.py:842} WARNING - No viable dags retrieved from /opt/airflow/dags/weekly_train_dag.py
[2025-10-15T02:29:12.902+0000] {processor.py:183} INFO - Processing /opt/airflow/dags/weekly_train_dag.py took 0.232 seconds
